This is pdfTeX, Version 3.14159265-2.6-1.40.17 (TeX Live 2016) (preloaded format=pdflatex 2016.5.22)  13 FEB 2020 00:26
entering extended mode
 restricted \write18 enabled.
 file:line:error style messages enabled.
 %&-line parsing enabled.
**diff.tex
(./diff.tex
LaTeX2e <2016/03/31>
Babel <3.9r> and hyphenation patterns for 83 language(s) loaded.
(/usr/local/texlive/2016/texmf-dist/tex/latex/base/article.cls
Document Class: article 2014/09/29 v1.4h Standard LaTeX document class
(/usr/local/texlive/2016/texmf-dist/tex/latex/base/size11.clo
File: size11.clo 2014/09/29 v1.4h Standard LaTeX file (size option)
)
\c@part=\count79
\c@section=\count80
\c@subsection=\count81
\c@subsubsection=\count82
\c@paragraph=\count83
\c@subparagraph=\count84
\c@figure=\count85
\c@table=\count86
\abovecaptionskip=\skip41
\belowcaptionskip=\skip42
\bibindent=\dimen102
)
(/usr/local/texlive/2016/texmf-dist/tex/latex/fancybox/fancybox.sty
Package: fancybox 2010/05/15 1.4

Style option: `fancybox' v1.4 <2010/05/15> (tvz)
\@fancybox=\box26
\shadowsize=\dimen103
\@Sbox=\box27
\do@VerbBox=\toks14
\the@fancyput=\toks15
\this@fancyput=\toks16
\EndVerbatimTokens=\toks17
\Verbatim@Outfile=\write3
\Verbatim@Infile=\read1
) (/usr/local/texlive/2016/texmf-dist/tex/latex/graphics/color.sty
Package: color 2016/05/09 v1.1c Standard LaTeX Color (DPC)

(/usr/local/texlive/2016/texmf-dist/tex/latex/graphics-cfg/color.cfg
File: color.cfg 2016/01/02 v1.6 sample color configuration
)
Package color Info: Driver file: pdftex.def on input line 144.

(/usr/local/texlive/2016/texmf-dist/tex/latex/pdftex-def/pdftex.def
File: pdftex.def 2011/05/27 v0.06d Graphics/color for pdfTeX

(/usr/local/texlive/2016/texmf-dist/tex/generic/oberdiek/infwarerr.sty
Package: infwarerr 2016/05/16 v1.4 Providing info/warning/error messages (HO)
)
(/usr/local/texlive/2016/texmf-dist/tex/generic/oberdiek/ltxcmds.sty
Package: ltxcmds 2016/05/16 v1.23 LaTeX kernel commands for general use (HO)
)
\Gread@gobject=\count87
))
(/usr/local/texlive/2016/texmf-dist/tex/latex/url/url.sty
\Urlmuskip=\muskip10
Package: url 2013/09/16  ver 3.4  Verb mode for urls, etc.
)
(/usr/local/texlive/2016/texmf-dist/tex/latex/geometry/geometry.sty
Package: geometry 2010/09/12 v5.6 Page Geometry

(/usr/local/texlive/2016/texmf-dist/tex/latex/graphics/keyval.sty
Package: keyval 2014/10/28 v1.15 key=value parser (DPC)
\KV@toks@=\toks18
)
(/usr/local/texlive/2016/texmf-dist/tex/generic/oberdiek/ifpdf.sty
Package: ifpdf 2016/05/14 v3.1 Provides the ifpdf switch
)
(/usr/local/texlive/2016/texmf-dist/tex/generic/oberdiek/ifvtex.sty
Package: ifvtex 2016/05/16 v1.6 Detect VTeX and its facilities (HO)
Package ifvtex Info: VTeX not detected.
)
(/usr/local/texlive/2016/texmf-dist/tex/generic/ifxetex/ifxetex.sty
Package: ifxetex 2010/09/12 v0.6 Provides ifxetex conditional
)
\Gm@cnth=\count88
\Gm@cntv=\count89
\c@Gm@tempcnt=\count90
\Gm@bindingoffset=\dimen104
\Gm@wd@mp=\dimen105
\Gm@odd@mp=\dimen106
\Gm@even@mp=\dimen107
\Gm@layoutwidth=\dimen108
\Gm@layoutheight=\dimen109
\Gm@layouthoffset=\dimen110
\Gm@layoutvoffset=\dimen111
\Gm@dimlist=\toks19
)
(/usr/local/texlive/2016/texmf-dist/tex/latex/comment/comment.sty
\CommentStream=\write4

Excluding comment 'comment')
(/usr/local/texlive/2016/texmf-dist/tex/latex/amsmath/amsmath.sty
Package: amsmath 2016/03/10 v2.15b AMS math features
\@mathmargin=\skip43

For additional information on amsmath, use the `?' option.
(/usr/local/texlive/2016/texmf-dist/tex/latex/amsmath/amstext.sty
Package: amstext 2000/06/29 v2.01 AMS text

(/usr/local/texlive/2016/texmf-dist/tex/latex/amsmath/amsgen.sty
File: amsgen.sty 1999/11/30 v2.0 generic functions
\@emptytoks=\toks20
\ex@=\dimen112
))
(/usr/local/texlive/2016/texmf-dist/tex/latex/amsmath/amsbsy.sty
Package: amsbsy 1999/11/29 v1.2d Bold Symbols
\pmbraise@=\dimen113
)
(/usr/local/texlive/2016/texmf-dist/tex/latex/amsmath/amsopn.sty
Package: amsopn 2016/03/08 v2.02 operator names
)
\inf@bad=\count91
LaTeX Info: Redefining \frac on input line 199.
\uproot@=\count92
\leftroot@=\count93
LaTeX Info: Redefining \overline on input line 297.
\classnum@=\count94
\DOTSCASE@=\count95
LaTeX Info: Redefining \ldots on input line 394.
LaTeX Info: Redefining \dots on input line 397.
LaTeX Info: Redefining \cdots on input line 518.
\Mathstrutbox@=\box28
\strutbox@=\box29
\big@size=\dimen114
LaTeX Font Info:    Redeclaring font encoding OML on input line 634.
LaTeX Font Info:    Redeclaring font encoding OMS on input line 635.
\macc@depth=\count96
\c@MaxMatrixCols=\count97
\dotsspace@=\muskip11
\c@parentequation=\count98
\dspbrk@lvl=\count99
\tag@help=\toks21
\row@=\count100
\column@=\count101
\maxfields@=\count102
\andhelp@=\toks22
\eqnshift@=\dimen115
\alignsep@=\dimen116
\tagshift@=\dimen117
\tagwidth@=\dimen118
\totwidth@=\dimen119
\lineht@=\dimen120
\@envbody=\toks23
\multlinegap=\skip44
\multlinetaggap=\skip45
\mathdisplay@stack=\toks24
LaTeX Info: Redefining \[ on input line 2739.
LaTeX Info: Redefining \] on input line 2740.
)
(/usr/local/texlive/2016/texmf-dist/tex/latex/amsfonts/amssymb.sty
Package: amssymb 2013/01/14 v3.01 AMS font symbols

(/usr/local/texlive/2016/texmf-dist/tex/latex/amsfonts/amsfonts.sty
Package: amsfonts 2013/01/14 v3.01 Basic AMSFonts support
\symAMSa=\mathgroup4
\symAMSb=\mathgroup5
LaTeX Font Info:    Overwriting math alphabet `\mathfrak' in version `bold'
(Font)                  U/euf/m/n --> U/euf/b/n on input line 106.
))
(/usr/local/texlive/2016/texmf-dist/tex/latex/amscls/amsthm.sty
Package: amsthm 2015/03/04 v2.20.2
\thm@style=\toks25
\thm@bodyfont=\toks26
\thm@headfont=\toks27
\thm@notefont=\toks28
\thm@headpunct=\toks29
\thm@preskip=\skip46
\thm@postskip=\skip47
\thm@headsep=\skip48
\dth@everypar=\toks30
)
(/usr/local/texlive/2016/texmf-dist/tex/latex/tools/bm.sty
Package: bm 2016/02/27 v1.2a Bold Symbol Support (DPC/FMi)
\symboldoperators=\mathgroup6
\symboldletters=\mathgroup7
\symboldsymbols=\mathgroup8
LaTeX Font Info:    Redeclaring math alphabet \mathbf on input line 142.
LaTeX Info: Redefining \bm on input line 208.
)
(/usr/local/texlive/2016/texmf-dist/tex/latex/mathtools/mathtools.sty
Package: mathtools 2015/11/12 v1.18 mathematical typesetting tools

(/usr/local/texlive/2016/texmf-dist/tex/latex/tools/calc.sty
Package: calc 2014/10/28 v4.3 Infix arithmetic (KKT,FJ)
\calc@Acount=\count103
\calc@Bcount=\count104
\calc@Adimen=\dimen121
\calc@Bdimen=\dimen122
\calc@Askip=\skip49
\calc@Bskip=\skip50
LaTeX Info: Redefining \setlength on input line 80.
LaTeX Info: Redefining \addtolength on input line 81.
\calc@Ccount=\count105
\calc@Cskip=\skip51
)
(/usr/local/texlive/2016/texmf-dist/tex/latex/mathtools/mhsetup.sty
Package: mhsetup 2010/01/21 v1.2a programming setup (MH)
)
LaTeX Info: Thecontrolsequence`\('isalreadyrobust on input line 129.
LaTeX Info: Thecontrolsequence`\)'isalreadyrobust on input line 129.
LaTeX Info: Thecontrolsequence`\['isalreadyrobust on input line 129.
LaTeX Info: Thecontrolsequence`\]'isalreadyrobust on input line 129.
\g_MT_multlinerow_int=\count106
\l_MT_multwidth_dim=\dimen123
\origjot=\skip52
\l_MT_shortvdotswithinadjustabove_dim=\dimen124
\l_MT_shortvdotswithinadjustbelow_dim=\dimen125
\l_MT_above_intertext_sep=\dimen126
\l_MT_below_intertext_sep=\dimen127
\l_MT_above_shortintertext_sep=\dimen128
\l_MT_below_shortintertext_sep=\dimen129
)
(/usr/local/texlive/2016/texmf-dist/tex/latex/natbib/natbib.sty
Package: natbib 2010/09/13 8.31b (PWD, AO)
\bibhang=\skip53
\bibsep=\skip54
LaTeX Info: Redefining \cite on input line 694.
\c@NAT@ctr=\count107
)
(/usr/local/texlive/2016/texmf-dist/tex/latex/doublestroke/dsfont.sty
Package: dsfont 1995/08/01 v0.1 Double stroke roman fonts
)
(/usr/local/texlive/2016/texmf-dist/tex/latex/multirow/multirow.sty
\bigstrutjot=\dimen130
)
(/usr/local/texlive/2016/texmf-dist/tex/latex/hyperref/hyperref.sty
Package: hyperref 2016/05/05 v6.83n Hypertext links for LaTeX

(/usr/local/texlive/2016/texmf-dist/tex/generic/oberdiek/hobsub-hyperref.sty
Package: hobsub-hyperref 2016/05/16 v1.14 Bundle oberdiek, subset hyperref (HO)


(/usr/local/texlive/2016/texmf-dist/tex/generic/oberdiek/hobsub-generic.sty
Package: hobsub-generic 2016/05/16 v1.14 Bundle oberdiek, subset generic (HO)
Package: hobsub 2016/05/16 v1.14 Construct package bundles (HO)
Package hobsub Info: Skipping package `infwarerr' (already loaded).
Package hobsub Info: Skipping package `ltxcmds' (already loaded).
Package: ifluatex 2016/05/16 v1.4 Provides the ifluatex switch (HO)
Package ifluatex Info: LuaTeX not detected.
Package hobsub Info: Skipping package `ifvtex' (already loaded).
Package: intcalc 2016/05/16 v1.2 Expandable calculations with integers (HO)
Package hobsub Info: Skipping package `ifpdf' (already loaded).
Package: etexcmds 2016/05/16 v1.6 Avoid name clashes with e-TeX commands (HO)
Package etexcmds Info: Could not find \expanded.
(etexcmds)             That can mean that you are not using pdfTeX 1.50 or
(etexcmds)             that some package has redefined \expanded.
(etexcmds)             In the latter case, load this package earlier.
Package: kvsetkeys 2016/05/16 v1.17 Key value parser (HO)
Package: kvdefinekeys 2016/05/16 v1.4 Define keys (HO)
Package: pdftexcmds 2016/05/10 v0.21 Utility functions of pdfTeX for LuaTeX (HO
)
Package pdftexcmds Info: LuaTeX not detected.
Package pdftexcmds Info: \pdf@primitive is available.
Package pdftexcmds Info: \pdf@ifprimitive is available.
Package pdftexcmds Info: \pdfdraftmode found.
Package: pdfescape 2016/05/16 v1.14 Implements pdfTeX's escape features (HO)
Package: bigintcalc 2016/05/16 v1.4 Expandable calculations on big integers (HO
)
Package: bitset 2016/05/16 v1.2 Handle bit-vector datatype (HO)
Package: uniquecounter 2016/05/16 v1.3 Provide unlimited unique counter (HO)
)
Package hobsub Info: Skipping package `hobsub' (already loaded).
Package: letltxmacro 2016/05/16 v1.5 Let assignment for LaTeX macros (HO)
Package: hopatch 2016/05/16 v1.3 Wrapper for package hooks (HO)
Package: xcolor-patch 2016/05/16 xcolor patch
Package: atveryend 2016/05/16 v1.9 Hooks at the very end of document (HO)
Package atveryend Info: \enddocument detected (standard20110627).
Package: atbegshi 2016/05/16 v1.17 At begin shipout hook (HO)
Package: refcount 2016/05/16 v3.5 Data extraction from label references (HO)
Package: hycolor 2016/05/16 v1.8 Color options for hyperref/bookmark (HO)
)
(/usr/local/texlive/2016/texmf-dist/tex/latex/oberdiek/auxhook.sty
Package: auxhook 2016/05/16 v1.4 Hooks for auxiliary files (HO)
)
(/usr/local/texlive/2016/texmf-dist/tex/latex/oberdiek/kvoptions.sty
Package: kvoptions 2016/05/16 v3.12 Key value format for package options (HO)
)
\@linkdim=\dimen131
\Hy@linkcounter=\count108
\Hy@pagecounter=\count109

(/usr/local/texlive/2016/texmf-dist/tex/latex/hyperref/pd1enc.def
File: pd1enc.def 2016/05/05 v6.83n Hyperref: PDFDocEncoding definition (HO)
)
\Hy@SavedSpaceFactor=\count110

(/usr/local/texlive/2016/texmf-dist/tex/latex/latexconfig/hyperref.cfg
File: hyperref.cfg 2002/06/06 v1.2 hyperref configuration of TeXLive
)
Package hyperref Info: Hyper figures OFF on input line 4446.
Package hyperref Info: Link nesting OFF on input line 4451.
Package hyperref Info: Hyper index ON on input line 4454.
Package hyperref Info: Plain pages OFF on input line 4461.
Package hyperref Info: Backreferencing OFF on input line 4466.
Package hyperref Info: Implicit mode ON; LaTeX internals redefined.
Package hyperref Info: Bookmarks ON on input line 4691.
\c@Hy@tempcnt=\count111
LaTeX Info: Redefining \url on input line 5044.
\XeTeXLinkMargin=\dimen132
\Fld@menulength=\count112
\Field@Width=\dimen133
\Fld@charsize=\dimen134
Package hyperref Info: Hyper figures OFF on input line 6298.
Package hyperref Info: Link nesting OFF on input line 6303.
Package hyperref Info: Hyper index ON on input line 6306.
Package hyperref Info: backreferencing OFF on input line 6313.
Package hyperref Info: Link coloring OFF on input line 6318.
Package hyperref Info: Link coloring with OCG OFF on input line 6323.
Package hyperref Info: PDF/A mode OFF on input line 6328.
LaTeX Info: Redefining \ref on input line 6368.
LaTeX Info: Redefining \pageref on input line 6372.
\Hy@abspage=\count113
\c@Item=\count114
\c@Hfootnote=\count115
)

Package hyperref Message: Driver (autodetected): hpdftex.

(/usr/local/texlive/2016/texmf-dist/tex/latex/hyperref/hpdftex.def
File: hpdftex.def 2016/05/05 v6.83n Hyperref driver for pdfTeX
\Fld@listcount=\count116
\c@bookmark@seq@number=\count117

(/usr/local/texlive/2016/texmf-dist/tex/latex/oberdiek/rerunfilecheck.sty
Package: rerunfilecheck 2016/05/16 v1.8 Rerun checks for auxiliary files (HO)
Package uniquecounter Info: New unique counter `rerunfilecheck' on input line 2
82.
)
\Hy@SectionHShift=\skip55
)
(/usr/local/texlive/2016/texmf-dist/tex/latex/setspace/setspace.sty
Package: setspace 2011/12/19 v6.7a set line spacing
)
(/usr/local/texlive/2016/texmf-dist/tex/latex/tools/enumerate.sty
Package: enumerate 2015/07/23 v3.00 enumerate extensions (DPC)
\@enLab=\toks31
)
Package hyperref Info: Option `colorlinks' set `true' on input line 37.

(/usr/local/texlive/2016/texmf-dist/tex/latex/algorithms/algorithm.sty
Package: algorithm 2009/08/24 v0.1 Document Style `algorithm' - floating enviro
nment

(/usr/local/texlive/2016/texmf-dist/tex/latex/float/float.sty
Package: float 2001/11/08 v1.3d Float enhancements (AL)
\c@float@type=\count118
\float@exts=\toks32
\float@box=\box30
\@float@everytoks=\toks33
\@floatcapt=\box31
)
(/usr/local/texlive/2016/texmf-dist/tex/latex/base/ifthen.sty
Package: ifthen 2014/09/29 v1.1c Standard LaTeX ifthen package (DPC)
)
\@float@every@algorithm=\toks34
\c@algorithm=\count119
)
(/usr/local/texlive/2016/texmf-dist/tex/latex/algorithms/algorithmic.sty
Package: algorithmic 2009/08/24 v0.1 Document Style `algorithmic'
\c@ALC@unique=\count120
\c@ALC@line=\count121
\c@ALC@rem=\count122
\c@ALC@depth=\count123
\ALC@tlm=\skip56
\algorithmicindent=\skip57
)
(/usr/local/texlive/2016/texmf-dist/tex/latex/makecell/makecell.sty
Package: makecell 2009/08/03 V0.1e Managing of Tab Column Heads and Cells

(/usr/local/texlive/2016/texmf-dist/tex/latex/tools/array.sty
Package: array 2014/10/28 v2.4c Tabular extension package (FMi)
\col@sep=\dimen135
\extrarowheight=\dimen136
\NC@list=\toks35
\extratabsurround=\skip58
\backup@length=\skip59
)
\rotheadsize=\dimen137
\c@nlinenum=\count124
\TeXr@lab=\toks36
)
(/usr/local/texlive/2016/texmf-dist/tex/latex/parskip/parskip.sty
Package: parskip 2001/04/09 non-zero parskip adjustments
)
\c@thm=\count125
\c@lem=\count126
\c@prop=\count127
\c@pro=\count128
\c@assumption=\count129
\c@cor=\count130
\c@defn=\count131
\c@example=\count132
\c@rmk=\count133

(/usr/local/texlive/2016/texmf-dist/tex/latex/psnfss/pifont.sty
Package: pifont 2005/04/12 PSNFSS-v9.2a Pi font support (SPQR) 
LaTeX Font Info:    Try loading font information for U+pzd on input line 63.

(/usr/local/texlive/2016/texmf-dist/tex/latex/psnfss/upzd.fd
File: upzd.fd 2001/06/04 font definitions for U/pzd.
)
LaTeX Font Info:    Try loading font information for U+psy on input line 64.

(/usr/local/texlive/2016/texmf-dist/tex/latex/psnfss/upsy.fd
File: upsy.fd 2001/06/04 font definitions for U/psy.
))
(/usr/local/texlive/2016/texmf-dist/tex/latex/wrapfig/wrapfig.sty
\wrapoverhang=\dimen138
\WF@size=\dimen139
\c@WF@wrappedlines=\count134
\WF@box=\box32
\WF@everypar=\toks37
Package: wrapfig 2003/01/31  v 3.6
)
(./macros.tex
(/usr/local/texlive/2016/texmf-dist/tex/latex/stmaryrd/stmaryrd.sty
Package: stmaryrd 1994/03/03 St Mary's Road symbol package
\symstmry=\mathgroup9
LaTeX Font Info:    Overwriting symbol font `stmry' in version `bold'
(Font)                  U/stmry/m/n --> U/stmry/b/n on input line 89.
))
(/usr/local/texlive/2016/texmf-dist/tex/generic/ulem/ulem.sty
\UL@box=\box33
\UL@hyphenbox=\box34
\UL@skip=\skip60
\UL@hook=\toks38
\UL@height=\dimen140
\UL@pe=\count135
\UL@pixel=\dimen141
\ULC@box=\box35
Package: ulem 2012/05/18
\ULdepth=\dimen142
) (./diff.aux)
\openout1 = `diff.aux'.

LaTeX Font Info:    Checking defaults for OML/cmm/m/it on input line 171.
LaTeX Font Info:    ... okay on input line 171.
LaTeX Font Info:    Checking defaults for T1/cmr/m/n on input line 171.
LaTeX Font Info:    ... okay on input line 171.
LaTeX Font Info:    Checking defaults for OT1/cmr/m/n on input line 171.
LaTeX Font Info:    ... okay on input line 171.
LaTeX Font Info:    Checking defaults for OMS/cmsy/m/n on input line 171.
LaTeX Font Info:    ... okay on input line 171.
LaTeX Font Info:    Checking defaults for OMX/cmex/m/n on input line 171.
LaTeX Font Info:    ... okay on input line 171.
LaTeX Font Info:    Checking defaults for U/cmr/m/n on input line 171.
LaTeX Font Info:    ... okay on input line 171.
LaTeX Font Info:    Checking defaults for PD1/pdf/m/n on input line 171.
LaTeX Font Info:    ... okay on input line 171.

(/usr/local/texlive/2016/texmf-dist/tex/context/base/mkii/supp-pdf.mkii
[Loading MPS to PDF converter (version 2006.09.02).]
\scratchcounter=\count136
\scratchdimen=\dimen143
\scratchbox=\box36
\nofMPsegments=\count137
\nofMParguments=\count138
\everyMPshowfont=\toks39
\MPscratchCnt=\count139
\MPscratchDim=\dimen144
\MPnumerator=\count140
\makeMPintoPDFobject=\count141
\everyMPtoPDFconversion=\toks40
)
*geometry* driver: auto-detecting
*geometry* detected driver: pdftex
*geometry* verbose mode - [ preamble ] result:
* driver: pdftex
* paper: <default>
* layout: <same size as paper>
* layoutoffset:(h,v)=(0.0pt,0.0pt)
* modes: 
* h-part:(L,W,R)=(72.26999pt, 469.75502pt, 72.26999pt)
* v-part:(T,H,B)=(72.26999pt, 650.43001pt, 72.26999pt)
* \paperwidth=614.295pt
* \paperheight=794.96999pt
* \textwidth=469.75502pt
* \textheight=650.43001pt
* \oddsidemargin=0.0pt
* \evensidemargin=0.0pt
* \topmargin=-37.0pt
* \headheight=12.0pt
* \headsep=25.0pt
* \topskip=11.0pt
* \footskip=30.0pt
* \marginparwidth=59.0pt
* \marginparsep=10.0pt
* \columnsep=10.0pt
* \skip\footins=10.0pt plus 4.0pt minus 2.0pt
* \hoffset=0.0pt
* \voffset=0.0pt
* \mag=1000
* \@twocolumnfalse
* \@twosidefalse
* \@mparswitchfalse
* \@reversemarginfalse
* (1in=72.27pt=25.4mm, 1cm=28.453pt)

(/usr/local/texlive/2016/texmf-dist/tex/latex/graphics/graphicx.sty
Package: graphicx 2014/10/28 v1.0g Enhanced LaTeX Graphics (DPC,SPQR)

(/usr/local/texlive/2016/texmf-dist/tex/latex/graphics/graphics.sty
Package: graphics 2016/05/09 v1.0r Standard LaTeX Graphics (DPC,SPQR)

(/usr/local/texlive/2016/texmf-dist/tex/latex/graphics/trig.sty
Package: trig 2016/01/03 v1.10 sin cos tan (DPC)
)
(/usr/local/texlive/2016/texmf-dist/tex/latex/graphics-cfg/graphics.cfg
File: graphics.cfg 2016/01/02 v1.10 sample graphics configuration
)
Package graphics Info: Driver file: pdftex.def on input line 96.
)
(/usr/local/texlive/2016/texmf-dist/tex/latex/oberdiek/epstopdf-base.sty
Package: epstopdf-base 2016/05/15 v2.6 Base part for package epstopdf

(/usr/local/texlive/2016/texmf-dist/tex/latex/oberdiek/grfext.sty
Package: grfext 2016/05/16 v1.2 Manage graphics extensions (HO)
)
Package grfext Info: Graphics extension search list:
(grfext)             [.png,.pdf,.jpg,.mps,.jpeg,.jbig2,.jb2,.PNG,.PDF,.JPG,.JPE
G,.JBIG2,.JB2,.eps]
(grfext)             \AppendGraphicsExtensions on input line 456.

(/usr/local/texlive/2016/texmf-dist/tex/latex/latexconfig/epstopdf-sys.cfg
File: epstopdf-sys.cfg 2010/07/13 v1.3 Configuration of (r)epstopdf for TeX Liv
e
))
\Gin@req@height=\dimen145
\Gin@req@width=\dimen146
)
\AtBeginShipoutBox=\box37
Package hyperref Info: Link coloring ON on input line 171.

(/usr/local/texlive/2016/texmf-dist/tex/latex/hyperref/nameref.sty
Package: nameref 2012/10/27 v2.43 Cross-referencing by name of section

(/usr/local/texlive/2016/texmf-dist/tex/generic/oberdiek/gettitlestring.sty
Package: gettitlestring 2016/05/16 v1.5 Cleanup title references (HO)
)
\c@section@level=\count142
)
LaTeX Info: Redefining \ref on input line 171.
LaTeX Info: Redefining \pageref on input line 171.
LaTeX Info: Redefining \nameref on input line 171.

(./diff.out) (./diff.out)
\@outlinefile=\write5
\openout5 = `diff.out'.

LaTeX Font Info:    Try loading font information for U+msa on input line 173.

(/usr/local/texlive/2016/texmf-dist/tex/latex/amsfonts/umsa.fd
File: umsa.fd 2013/01/14 v3.01 AMS symbols A
)
LaTeX Font Info:    Try loading font information for U+msb on input line 173.

(/usr/local/texlive/2016/texmf-dist/tex/latex/amsfonts/umsb.fd
File: umsb.fd 2013/01/14 v3.01 AMS symbols B
)
LaTeX Font Info:    Try loading font information for U+stmry on input line 173.


(/usr/local/texlive/2016/texmf-dist/tex/latex/stmaryrd/Ustmry.fd)
LaTeX Font Info:    Try loading font information for OMS+cmr on input line 190.


(/usr/local/texlive/2016/texmf-dist/tex/latex/base/omscmr.fd
File: omscmr.fd 2014/09/29 v2.5h Standard LaTeX font definitions
)
LaTeX Font Info:    Font shape `OMS/cmr/m/n' in size <10.95> not available
(Font)              Font shape `OMS/cmsy/m/n' tried instead on input line 190.

Overfull \hbox (277.9167pt too wide) in paragraph at lines 186--191
[]\OT1/cmr/m/n/10.95 A num-ber of low-rank ten-sor es-ti-ma-tion meth-ods have 
been pro-posed []|   [][][]|   [][],
 []


Overfull \hbox (9.48032pt too wide) in paragraph at lines 186--191
[][]\OT1/cmr/m/n/10.95 1927[][]) and Tucker de-com-po-si-tion ([][]Tucker[][], 
[][]1966[][]). These ten-sor meth-ods treat the en-tries as continuous-
 []

[1

{/usr/local/texlive/2016/texmf-var/fonts/map/pdftex/updmap/pdftex.map}]
Overfull \hbox (85.13693pt too wide) in paragraph at lines 192--201
\OT1/cmr/m/n/10.95 model []|   [][][]|   [][]fails
 []


Overfull \hbox (58.30942pt too wide) in paragraph at lines 192--201
\OT1/cmr/m/n/10.95 in the first as-pect, whereas the bi-nary ten-sor model []| 
  [][][]|   [][]lacks
 []


Overfull \hbox (324.1817pt too wide) in paragraph at lines 237--246
\OT1/cmr/m/n/10.95 tions []|   [][][]|   [][]and
 []


Overfull \hbox (100.4366pt too wide) in paragraph at lines 247--256
\OT1/cmr/m/n/10.95 (non-convex) al-go-rithm de-vel-oped in the con-text of bi-n
ary ten-sors []|   [][][]|   [][].
 []

[2pdfTeX warning (ext4): destination with the same identifier (name{table.1}) h
as been already used, duplicate ignored

\AtBegShi@Output ...ipout \box \AtBeginShipoutBox 
                                                  \fi \fi 
l.256 
      ]

Package amsmath Warning: Foreign command \over;
(amsmath)                \frac or \genfrac should be used instead
(amsmath)                 on input line 272.

[3] [4]
Overfull \hbox (42.76645pt too wide) in paragraph at lines 325--330
\OT1/cmr/m/n/10.95 tions []|   [][][]|   [][].
 []


Overfull \hbox (12.2571pt too wide) in paragraph at lines 339--357
\OT1/cmr/m/n/10.95 and $\OMS/cmsy/m/n/10.95 ^^B[]$ \OT1/cmr/m/n/10.95 de-notes 
the tensor-by-matrix mul-ti-pli-ca-tion []|   [][][]|   [][].
 []


Overfull \hbox (8.15097pt too wide) in paragraph at lines 339--357
\OT1/cmr/m/n/10.95 are var-i-ous no-ta-tions of ten-sor low-rankness, such as C
P rank []|   [][][]|   [][]and
 []


Overfull \hbox (294.55583pt too wide) in paragraph at lines 368--373
\OT1/cmr/m/n/10.95 tude []|   [][][]|   [][].
 []

[5]
LaTeX Font Info:    Try loading font information for U+dsrom on input line 380.

 (/usr/local/texlive/2016/texmf-dist/tex/latex/doublestroke/Udsrom.fd
File: Udsrom.fd 1995/08/01 v0.1 Double stroke roman font definitions
)
./diff.tex:392: Extra }, or forgotten \right.
\UL@onmath ...rd {\UL@hrest \mathop {\kern \z@ #1}
                                                  \limits \sb {\UL@leadtype ...
l.392 }\end{align*}
                   
? 
./diff.tex:392: Limit controls must follow a math operator.
\UL@onmath ...hrest \mathop {\kern \z@ #1}\limits 
                                                  \sb {\UL@leadtype \LA@hski...
l.392 }\end{align*}
                   
? 
./diff.tex:392: Extra }, or forgotten \right.
\UL@onmath ...L@leadtype \LA@hskip \p@ plus1fill}}
                                                  \egroup 
l.392 }\end{align*}
                   
? 
./diff.tex:392: Extra }, or forgotten \right.
\UL@onmath ...pe \LA@hskip \p@ plus1fill}}\egroup 
                                                  
l.392 }\end{align*}
                   
? 
./diff.tex:392: Extra }, or forgotten \right.
\DIFdeltex #1->{\protect \color {red}\sout {#1}}
                                                
l.392 }\end{align*}
                   
? 
./diff.tex:392: Missing } inserted.
<inserted text> 
                }
l.392 }\end{align*}
                   
? 
./diff.tex:392: Missing } inserted.
<inserted text> 
                }
l.392 }\end{align*}
                   
? 
./diff.tex:392: Missing } inserted.
<inserted text> 
                }
l.392 }\end{align*}
                   
? 
./diff.tex:392: Missing } inserted.
<inserted text> 
                }
l.392 }\end{align*}
                   
? 
./diff.tex:392: Extra }, or forgotten \right.
\UL@onmath ...rd {\UL@hrest \mathop {\kern \z@ #1}
                                                  \limits \sb {\UL@leadtype ...
l.392 }\end{align*}
                   
? 
./diff.tex:392: Limit controls must follow a math operator.
\UL@onmath ...hrest \mathop {\kern \z@ #1}\limits 
                                                  \sb {\UL@leadtype \LA@hski...
l.392 }\end{align*}
                   
? 
./diff.tex:392: Extra }, or forgotten \right.
\UL@onmath ...L@leadtype \LA@hskip \p@ plus1fill}}
                                                  \egroup 
l.392 }\end{align*}
                   
? 
./diff.tex:392: Extra }, or forgotten \right.
\UL@onmath ...pe \LA@hskip \p@ plus1fill}}\egroup 
                                                  
l.392 }\end{align*}
                   
? 
./diff.tex:392: Extra }, or forgotten \right.
\DIFdeltex #1->{\protect \color {red}\sout {#1}}
                                                
l.392 }\end{align*}
                   
? 
./diff.tex:392: Missing } inserted.
<inserted text> 
                }
l.392 }\end{align*}
                   
? 
./diff.tex:392: Missing } inserted.
<inserted text> 
                }
l.392 }\end{align*}
                   
? 
./diff.tex:392: Missing } inserted.
<inserted text> 
                }
l.392 }\end{align*}
                   
? 
./diff.tex:392: Missing } inserted.
<inserted text> 
                }
l.392 }\end{align*}
                   
? 
./diff.tex:396: Extra }, or forgotten \right.
\UL@onmath ...rd {\UL@hrest \mathop {\kern \z@ #1}
                                                  \limits \sb {\UL@leadtype ...
l.396 ...{\ell\in[L], |\theta|\leq \alpha }\left[}
                                                  {\DIFadd{\dot{g}_\ell^2 (\...

? 
./diff.tex:396: Limit controls must follow a math operator.
\UL@onmath ...hrest \mathop {\kern \z@ #1}\limits 
                                                  \sb {\UL@leadtype \LA@hski...
l.396 ...{\ell\in[L], |\theta|\leq \alpha }\left[}
                                                  {\DIFadd{\dot{g}_\ell^2 (\...

? 
./diff.tex:396: Extra }, or forgotten \right.
\UL@onmath ...L@leadtype \LA@hskip \p@ plus1fill}}
                                                  \egroup 
l.396 ...{\ell\in[L], |\theta|\leq \alpha }\left[}
                                                  {\DIFadd{\dot{g}_\ell^2 (\...

? 
./diff.tex:396: Extra }, or forgotten \right.
\UL@onmath ...pe \LA@hskip \p@ plus1fill}}\egroup 
                                                  
l.396 ...{\ell\in[L], |\theta|\leq \alpha }\left[}
                                                  {\DIFadd{\dot{g}_\ell^2 (\...

? 
./diff.tex:396: Extra }, or forgotten \right.
\DIFaddtex #1->{\protect \color {blue}\uwave {#1}}
                                                  
l.396 ...{\ell\in[L], |\theta|\leq \alpha }\left[}
                                                  {\DIFadd{\dot{g}_\ell^2 (\...

? 
./diff.tex:397: Missing } inserted.
<inserted text> 
                }
l.397 }
       \end{equation}
? 
./diff.tex:397: Missing } inserted.
<inserted text> 
                }
l.397 }
       \end{equation}
? 
./diff.tex:397: Missing } inserted.
<inserted text> 
                }
l.397 }
       \end{equation}
? 
./diff.tex:397: Missing } inserted.
<inserted text> 
                }
l.397 }
       \end{equation}
? 
[6]
Underfull \hbox (badness 10000) in paragraph at lines 411--413

 []

\c@question=\count143
[7]
Underfull \hbox (badness 10000) in paragraph at lines 449--451

 []

[8]
Overfull \hbox (137.90991pt too wide) in paragraph at lines 485--502
\OT1/cmr/m/n/10.95 sign []|   [][][]|   [][]or uni-vari-ate mea-sure-ments []| 
  [][][]|   [][].
 []

Package hyperref Info: bookmark level for unknown algorithm defaults to 0 on in
put line 508.
<algorithm.pdf, id=422, 414.64517pt x 192.14687pt>
File: algorithm.pdf Graphic file (type pdf)
 <use algorithm.pdf>
Package pdftex.def Info: algorithm.pdf used on input line 543.
(pdftex.def)             Requested size: 328.82707pt x 152.38367pt.
 [9]
[10pdfTeX warning (ext4): destination with the same identifier (name{figure.1})
 has been already used, duplicate ignored

\AtBegShi@Output ...ipout \box \AtBeginShipoutBox 
                                                  \fi \fi 
l.558 
       <./algorithm.pdf>]
Overfull \hbox (46.7205pt too wide) in paragraph at lines 560--565
\OT1/cmr/m/n/10.95 nomenon []|   [][][]|   [][]is
 []

<panel.pdf, id=509, 570.12602pt x 576.37991pt>
File: panel.pdf Graphic file (type pdf)
 <use panel.pdf>
Package pdftex.def Info: panel.pdf used on input line 572.
(pdftex.def)             Requested size: 281.85587pt x 284.96153pt.

Overfull \hbox (0.2741pt too wide) in paragraph at lines 586--591
[]\OT1/cmr/m/n/10.95 One-bit ten-sor com-ple-tion (\OT1/cmr/bx/n/10.95 1bit-T\O
T1/cmr/m/n/10.95 ) []|   [][][]|   [][]is
 []

[11]
Overfull \hbox (8.02267pt too wide) in paragraph at lines 591--596
[]\OT1/cmr/m/n/10.95 Ordinal ma-trix com-ple-tion (\OT1/cmr/bx/n/10.95 Ordinal-
M\OT1/cmr/m/n/10.95 ) []|   [][][]|   [][]is a rank-constrained
 []


Overfull \hbox (5.02516pt too wide) in paragraph at lines 601--603
\OT1/cmr/m/n/10.95 tion rate, []|   [][][]|   [][],
 []

[12pdfTeX warning (ext4): destination with the same identifier (name{figure.2})
 has been already used, duplicate ignored

\AtBegShi@Output ...ipout \box \AtBeginShipoutBox 
                                                  \fi \fi 
l.606 
       <./panel.pdf>] <panel2.pdf, id=596, 567.52333pt x 574.46695pt>
File: panel2.pdf Graphic file (type pdf)

<use panel2.pdf>
Package pdftex.def Info: panel2.pdf used on input line 611.
(pdftex.def)             Requested size: 281.85587pt x 285.3131pt.
 [13pdfTeX warning (ext4): destination with the same identifier (name{figure.3}
) has been already used, duplicate ignored

\AtBegShi@Output ...ipout \box \AtBeginShipoutBox 
                                                  \fi \fi 
l.617 
       <./panel2.pdf>] <panel3.pdf, id=674, 567.52333pt x 574.46695pt>
File: panel3.pdf Graphic file (type pdf)

<use panel3.pdf>
Package pdftex.def Info: panel3.pdf used on input line 620.
(pdftex.def)             Requested size: 281.85587pt x 285.3131pt.


Package natbib Warning: Citation `geddes2016human' on page 14 undefined on inpu
t line 630.

[14pdfTeX warning (ext4): destination with the same identifier (name{figure.4})
 has been already used, duplicate ignored

\AtBegShi@Output ...ipout \box \AtBeginShipoutBox 
                                                  \fi \fi 
l.638 ... \DIFadd{Human Connectome Project (HCP).}
                                                  } \DIFaddend Each entry in...
 <./panel3.pdf>]
Overfull \hbox (26.8573pt too wide) in paragraph at lines 656--678
|   []   [][]|   []   |   []   [][]|   []   |   [][][]|   [][][]|   []   |   []
[][]|   []   |   [][][]|   []   [][]|   []   |   [][][]|   []
 []


Overfull \hbox (47.72437pt too wide) in paragraph at lines 702--711
\OT1/cmr/m/n/10.95 mu-sic rec-om-men-da-tion to pas-sen-gers of cars based on c
on-texts []|   [][][]|   [][].
 []


Underfull \hbox (badness 10000) in paragraph at lines 714--727
[][]
 []


Overfull \hbox (5.38431pt too wide) in paragraph at lines 735--736
|   []   |   []   |   []   |   []   |   []   |   []   |   []   |   []   |   [] 
  |   []   |   []   |   []   |   []
 []


Overfull \hbox (5.86089pt too wide) in paragraph at lines 735--736
|   []   |   []   |   []   |   []   |   []   |   []   |   []   |   []   |   [] 
  |   []
 []


Overfull \hbox (2.95099pt too wide) in paragraph at lines 735--736
|   []   |   []   |   []   |   []   |   []   |   []   |   []   |   []   |   [] 
  |   []   |   []   |   []
 []

[15pdfTeX warning (ext4): destination with the same identifier (name{subsection
.7.1}) has been already used, duplicate ignored

\AtBegShi@Output ...ipout \box \AtBeginShipoutBox 
                                                  \fi \fi 
l.736 
      ] [16pdfTeX warning (ext4): destination with the same identifier (name{ta
ble.2}) has been already used, duplicate ignored

\AtBegShi@Output ...ipout \box \AtBeginShipoutBox 
                                                  \fi \fi 
l.770 \end{equation}
                    ] [17]
Overfull \hbox (29.73575pt too wide) detected at line 837
[] [] \U/msb/m/n/10.95 P [] \OMS/cmsy/m/n/10.95 ^^U [] [] \OML/cmm/m/it/10.95 :

 []


Overfull \hbox (15.24304pt too wide) detected at line 855
\OMS/cmsy/m/n/10.95 L[]\OT1/cmr/m/n/10.95 (^^B) = \OMS/cmsy/m/n/10.95 L[]\OT1/c
mr/m/n/10.95 (^^B[]) + \OMS/cmsy/m/n/10.95 h[]\OT1/cmr/m/n/10.95 (\OMS/cmsy/m/n
/10.95 r[]L[]\OT1/cmr/m/n/10.95 )\OML/cmm/m/it/10.95 ;  []\OT1/cmr/m/n/10.95 (^
^B \OMS/cmsy/m/n/10.95 ^^@ \OT1/cmr/m/n/10.95 ^^B[])\OMS/cmsy/m/n/10.95 i \OT1/
cmr/m/n/10.95 + [] [](^^B \OMS/cmsy/m/n/10.95 ^^@ \OT1/cmr/m/n/10.95 ^^B[])[]\O
MS/cmsy/m/n/10.95 r[]L[]\OT1/cmr/m/n/10.95 ([]) [](^^B \OMS/cmsy/m/n/10.95 ^^@ 
\OT1/cmr/m/n/10.95 ^^B[])\OML/cmm/m/it/10.95 ;
 []

[18] [19]
Overfull \hbox (55.66966pt too wide) in paragraph at lines 908--910
\OT1/cmr/m/n/10.95 Then, $\OML/cmm/m/it/10.95 ^^U\OT1/cmr/m/n/10.95 (\OML/cmm/m
/it/10.95 u; v\OT1/cmr/m/n/10.95 ) = \OML/cmm/m/it/10.95 ^^U\OT1/cmr/m/n/10.95 
(\OML/cmm/b/it/10.95 a[]\OT1/cmr/m/n/10.95 (^^B\OML/cmm/m/it/10.95 ; \OML/cmm/b
/it/10.95 b\OT1/cmr/m/n/10.95 )\OML/cmm/m/it/10.95 ;  \OML/cmm/b/it/10.95 a[]\O
T1/cmr/m/n/10.95 (^^B\OML/cmm/m/it/10.95 ; \OML/cmm/b/it/10.95 b\OT1/cmr/m/n/10
.95 ))$ is con-cave in $(^^B\OML/cmm/m/it/10.95 ; \OML/cmm/b/it/10.95 b\OT1/cmr
/m/n/10.95 )$ by the def-i-ni-tion of con-cav-ity. []|   [][][]|   [][],
 []


Overfull \hbox (173.17178pt too wide) in paragraph at lines 941--942
[][]\OT1/cmr/bx/n/10.95 Definition 1 \OT1/cmr/m/n/10.95 (Atomic M-norm ([][]Gha
-der-marzy et al.[][], [][]2019[][]))\OT1/cmr/bx/n/10.95 . []\OT1/cmr/m/n/10.95
 De-fine []|   [][][]|   []
 []

[20]
Overfull \hbox (3.45584pt too wide) detected at line 962
\OMS/cmsy/m/n/10.95 k\OT1/cmr/m/n/10.95 ^^B\OMS/cmsy/m/n/10.95 k[] \OT1/cmr/m/n
/10.95 = [] [] \OML/cmm/m/it/10.95 ;
 []

[21] [22] [23] [24]
Overfull \hbox (9.83447pt too wide) in paragraph at lines 1158--1159
[][]\OT1/cmr/bx/n/10.95 Lemma 11 \OT1/cmr/m/n/10.95 (The-o-rem 2.5 in [][]Tsy-b
akov[][] ([][]2008[][]))\OT1/cmr/bx/n/10.95 . []\OT1/cmr/m/it/10.95 As-sume tha
t a set $\OMS/cmsy/m/n/10.95 X$ \OT1/cmr/m/it/10.95 con-tains el-e-ment $\OT1/c
mr/m/n/10.95 ^^B[]\OML/cmm/m/it/10.95 ; \OT1/cmr/m/n/10.95 ^^B[]\OML/cmm/m/it/1
0.95 ; [] ; \OT1/cmr/m/n/10.95 ^^B[]$
 []

LaTeX Font Info:    Font shape `OMS/cmr/m/it' in size <10.95> not available
(Font)              Font shape `OMS/cmsy/m/n' tried instead on input line 1160.

pdfTeX warning (ext4): destination with the same identifier (name{section.9}) h
as been already used, duplicate ignored
<to be read again> 
                   \relax 
l.1185 \DIFaddbegin \section{\DIFadd{Conclusions}}
                                                   [25]
Overfull \hbox (5.38431pt too wide) in paragraph at lines 1189--1190
|   []   |   []   |   []   |   []   |   []   |   []   |   []   |   []   |   [] 
  |   []   |   []   |   []   |   []
 []


Overfull \hbox (5.86089pt too wide) in paragraph at lines 1189--1190
|   []   |   []   |   []   |   []   |   []   |   []   |   []   |   []   |   [] 
  |   []
 []


Overfull \hbox (20.01353pt too wide) in paragraph at lines 1193--1193
|   []   |   []   |   []   |   []   |   []   |   []   |   []   |   []   |   [] 
  |   []   |   []   |   []   |   []   |   []   |   []
 []

[26]
Overfull \hbox (5.14359pt too wide) detected at line 1218
\OMS/cmsy/m/n/10.95 P \OT1/cmr/m/n/10.95 = \OMS/cmsy/m/n/10.95 f\OT1/cmr/m/n/10
.95 ^^B \OMS/cmsy/m/n/10.95 2 \U/msb/m/n/10.95 R[] [] [] []\OT1/cmr/m/n/10.95 (
\OMS/cmsy/m/n/10.95 P\OT1/cmr/m/n/10.95 ) \OMS/cmsy/m/n/10.95 ^^T \OML/cmm/b/it
/10.95 r\OML/cmm/m/it/10.95 ;  \OMS/cmsy/m/n/10.95 k\OT1/cmr/m/n/10.95 ^^B\OMS/
cmsy/m/n/10.95 k[] ^^T \OML/cmm/m/it/10.95 \OMS/cmsy/m/n/10.95 g\OML/cmm/m/it/
10.95 ;  \OMS/cmsy/m/n/10.95 B \OT1/cmr/m/n/10.95 = \OMS/cmsy/m/n/10.95 f\OML/c
mm/b/it/10.95 b \OMS/cmsy/m/n/10.95 2 \U/msb/m/n/10.95 R[] [] [] \OMS/cmsy/m/n/
10.95 k\OML/cmm/b/it/10.95 b\OMS/cmsy/m/n/10.95 k[] ^^T \OML/cmm/m/it/10.95 ^^L
;  []\OT1/cmr/m/n/10.95 (\OML/cmm/m/it/10.95 b[] \OMS/cmsy/m/n/10.95 ^^@ \OML/c
mm/m/it/10.95 b[]\OT1/cmr/m/n/10.95 ) \OMS/cmsy/m/n/10.95 ^^U \OT1/cmr/m/n/10.9
5 ^^A\OMS/cmsy/m/n/10.95 g\OML/cmm/m/it/10.95 :
 []

[27]
Overfull \hbox (9.62321pt too wide) in paragraph at lines 1275--1276
[][]\OT1/cmr/bx/n/10.95 Theorem A.1 \OT1/cmr/m/n/10.95 (Sta-tis-ti-cal con-ver-
gence with un-known $\OML/cmm/b/it/10.95 b$\OT1/cmr/m/n/10.95 )\OT1/cmr/bx/n/10
.95 . []\OT1/cmr/m/it/10.95 Con-sider an or-di-nal ten-sor $\OMS/cmsy/m/n/10.95
 Y 2 \OT1/cmr/m/n/10.95 [\OML/cmm/m/it/10.95 L\OT1/cmr/m/n/10.95 ][]$
 []

./diff.tex:1280: Extra \right.
\rbrace ->\delimiter "5267309 
                              
l.1280 ... \over \prod_k d_k}\DIFaddbegin \right\}
                                                  \DIFaddend ,
? 

Overfull \hbox (49.65648pt too wide) detected at line 1290
[]\OT1/cmr/m/n/10.95 ([]\OML/cmm/m/it/10.95 ; \OML/cmm/b/it/10.95 b[]\OT1/cmr/m
/n/10.95 ) \OMS/cmsy/m/n/10.95 ^^T [][][][][][] [] [][] [] \OML/cmm/m/it/10.95 
;
 []

[28]
Overfull \hbox (23.19672pt too wide) in paragraph at lines 1325--1325
[] 
 []


Overfull \hbox (2.2701pt too wide) detected at line 1339
\OT1/cmr/m/n/10.95 (\OML/cmm/b/it/10.95 b[] \OMS/cmsy/m/n/10.95 ^^@ []\OT1/cmr/
m/n/10.95 )[]\OMS/cmsy/m/n/10.95 r[]L[]\OT1/cmr/m/n/10.95 (\OML/cmm/b/it/10.95 
b[]\OT1/cmr/m/n/10.95 ) \OMS/cmsy/m/n/10.95 ^^T k\OML/cmm/b/it/10.95 b[] \OMS/c
msy/m/n/10.95 ^^@ []k[]kr[]L[]\OT1/cmr/m/n/10.95 (\OML/cmm/b/it/10.95 b[]\OT1/c
mr/m/n/10.95 )\OMS/cmsy/m/n/10.95 k[] ^^T k\OML/cmm/b/it/10.95 b[] \OMS/cmsy/m/
n/10.95 ^^@ []k[][]\OML/cmm/m/it/10.95 C[] []\OT1/cmr/m/n/10.95 (\OML/cmm/m/it/
10.95 n[] \OT1/cmr/m/n/10.95 + \OML/cmm/m/it/10.95 n[]\OT1/cmr/m/n/10.95 )\OML/
cmm/m/it/10.95 ;
 []

[29] [30]pdfTeX warning (ext4): destination with the same identifier (name{appe
ndix.B}) has been already used, duplicate ignored
<to be read again> 
                   \relax 
l.1419 ...tion{Additional results on HCP analysis}
                                                  \DIFaddbegin \label{sec:ad...
[31]

Package natbib Warning: Citation `carlson2012physiology' on page 32 undefined o
n input line 1457.

pdfTeX warning (ext4): destination with the same identifier (name{table.1}) has
 been already used, duplicate ignored
<to be read again> 
                   \relax 
l.1505 \caption
               {Clustering result of brain nodes. The first alphabet in the ...
pdfTeX warning (ext4): destination with the same identifier (name{table.1}) has
 been already used, duplicate ignored
<to be read again> 
                   \relax 
l.1505 ...e count }\DIFaddendFL in each cluster. }
                                                    \DIFaddbeginFL \label{ta...
pdfTeX warning (ext4): destination with the same identifier (name{table.1}) has
 been already used, duplicate ignored
<to be read again> 
                   \relax 
l.1505 ...e count }\DIFaddendFL in each cluster. }
                                                    \DIFaddbeginFL \label{ta...
<braincluster.pdf, id=1054, 794.97pt x 614.295pt>
File: braincluster.pdf Graphic file (type pdf)
 <use braincluster.pdf>
Package pdftex.def Info: braincluster.pdf used on input line 1512.
(pdftex.def)             Requested size: 211.38832pt x 163.34042pt.

<braincluster3.pdf, id=1055, 794.97pt x 614.295pt>
File: braincluster3.pdf Graphic file (type pdf)
 <use braincluster3.pdf>
Package pdftex.def Info: braincluster3.pdf used on input line 1515.
(pdftex.def)             Requested size: 211.38832pt x 163.34042pt.
pdfTeX warning (ext4): destination with the same identifier (name{figure.1}) ha
s been already used, duplicate ignored
<to be read again> 
                   \relax 
l.1516   \caption
                 {\DIFaddFL{Top two clusters of brain nodes. (a) Nodes in ye...
pdfTeX warning (ext4): destination with the same identifier (name{figure.1}) ha
s been already used, duplicate ignored
<to be read again> 
                   \relax 
l.1516 ...gth level averaged across individuals.}}
                                                    \DIFaddendFL \label{figu...
pdfTeX warning (ext4): destination with the same identifier (name{figure.1}) ha
s been already used, duplicate ignored
<to be read again> 
                   \relax 
l.1516 ...gth level averaged across individuals.}}
                                                    \DIFaddendFL \label{figu...
<elbowm.pdf, id=1056, 394.47375pt x 347.2975pt>
File: elbowm.pdf Graphic file (type pdf)
 <use elbowm.pdf>
Package pdftex.def Info: elbowm.pdf used on input line 1529.
(pdftex.def)             Requested size: 230.18253pt x 202.65154pt.
pdfTeX warning (ext4): destination with the same identifier (name{figure.2}) ha
s been already used, duplicate ignored
<to be read again> 
                   \relax 
l.1531  \caption
                {\DIFaddFL{Elbow plot for determining the number of clusters...
pdfTeX warning (ext4): destination with the same identifier (name{figure.2}) ha
s been already used, duplicate ignored
<to be read again> 
                   \relax 
l.1531 ...g the number of clusters in $K$-means.}}
                                                  \label{figure:elbow} [32]
(./diff.bbl [33 <./braincluster.pdf> <./braincluster3.pdf

pdfTeX warning: /Library/TeX/texbin/pdflatex (file ./braincluster3.pdf): PDF in
clusion: multiple pdfs with page group included in a single page
> <./elbowm.pdf>] [34] [35])

Package natbib Warning: There were undefined citations.

Package atveryend Info: Empty hook `BeforeClearDocument' on input line 1539.
[36]
Package atveryend Info: Empty hook `AfterLastShipout' on input line 1539.
 (./diff.aux)
Package atveryend Info: Executing hook `AtVeryEndDocument' on input line 1539.
Package atveryend Info: Executing hook `AtEndAfterFileList' on input line 1539.

Package rerunfilecheck Info: File `diff.out' has not changed.
(rerunfilecheck)             Checksum: D58DAB4B3D29CB81971474FEDBF89ABD;1938.


LaTeX Warning: Label(s) may have changed. Rerun to get cross-references right.

Package atveryend Info: Empty hook `AtVeryVeryEnd' on input line 1539.
 ) 
Here is how much of TeX's memory you used:
 9441 strings out of 493014
 133018 string characters out of 6133351
 270381 words of memory out of 5000000
 12557 multiletter control sequences out of 15000+600000
 25774 words of font info for 100 fonts, out of 8000000 for 9000
 1141 hyphenation exceptions out of 8191
 40i,20n,32p,2140b,611s stack positions out of 5000i,500n,10000p,200000b,80000s
</usr/local/texlive/2016/texmf-dist/fonts/type1/public/amsfonts/cm/cmbx10.pfb
></usr/local/texlive/2016/texmf-dist/fonts/type1/public/amsfonts/cm/cmbx12.pfb>
</usr/local/texlive/2016/texmf-dist/fonts/type1/public/amsfonts/cm/cmbx8.pfb></
usr/local/texlive/2016/texmf-dist/fonts/type1/public/amsfonts/cm/cmcsc10.pfb></
usr/local/texlive/2016/texmf-dist/fonts/type1/public/amsfonts/cm/cmex10.pfb></u
sr/local/texlive/2016/texmf-dist/fonts/type1/public/amsfonts/cmextra/cmex8.pfb>
</usr/local/texlive/2016/texmf-dist/fonts/type1/public/amsfonts/cm/cmmi10.pfb><
/usr/local/texlive/2016/texmf-dist/fonts/type1/public/amsfonts/cm/cmmi6.pfb></u
sr/local/texlive/2016/texmf-dist/fonts/type1/public/amsfonts/cm/cmmi8.pfb></usr
/local/texlive/2016/texmf-dist/fonts/type1/public/amsfonts/cm/cmmib10.pfb></usr
/local/texlive/2016/texmf-dist/fonts/type1/public/amsfonts/cmextra/cmmib8.pfb><
/usr/local/texlive/2016/texmf-dist/fonts/type1/public/amsfonts/cm/cmr10.pfb></u
sr/local/texlive/2016/texmf-dist/fonts/type1/public/amsfonts/cm/cmr12.pfb></usr
/local/texlive/2016/texmf-dist/fonts/type1/public/amsfonts/cm/cmr17.pfb></usr/l
ocal/texlive/2016/texmf-dist/fonts/type1/public/amsfonts/cm/cmr6.pfb></usr/loca
l/texlive/2016/texmf-dist/fonts/type1/public/amsfonts/cm/cmr8.pfb></usr/local/t
exlive/2016/texmf-dist/fonts/type1/public/amsfonts/cm/cmsy10.pfb></usr/local/te
xlive/2016/texmf-dist/fonts/type1/public/amsfonts/cm/cmsy6.pfb></usr/local/texl
ive/2016/texmf-dist/fonts/type1/public/amsfonts/cm/cmsy8.pfb></usr/local/texliv
e/2016/texmf-dist/fonts/type1/public/amsfonts/cm/cmti10.pfb></usr/local/texlive
/2016/texmf-dist/fonts/type1/public/amsfonts/cm/cmti7.pfb></usr/local/texlive/2
016/texmf-dist/fonts/type1/public/amsfonts/cm/cmti8.pfb></usr/local/texlive/201
6/texmf-dist/fonts/type1/public/amsfonts/cm/cmtt12.pfb></usr/local/texlive/2016
/texmf-dist/fonts/type1/public/doublestroke/dsrom10.pfb></usr/local/texlive/201
6/texmf-dist/fonts/type1/public/amsfonts/latxfont/lasy6.pfb></usr/local/texlive
/2016/texmf-dist/fonts/type1/public/amsfonts/symbols/msbm10.pfb></usr/local/tex
live/2016/texmf-dist/fonts/type1/public/stmaryrd/stmary10.pfb></usr/local/texli
ve/2016/texmf-dist/fonts/type1/urw/symbol/usyr.pfb></usr/local/texlive/2016/tex
mf-dist/fonts/type1/urw/zapfding/uzdr.pfb>
Output written on diff.pdf (36 pages, 3791635 bytes).
PDF statistics:
 1256 PDF objects out of 1440 (max. 8388607)
 1084 compressed objects within 11 object streams
 212 named destinations out of 1000 (max. 500000)
 268 words of extra memory for PDF output out of 10000 (max. 10000000)

