This is pdfTeX, Version 3.14159265-2.6-1.40.17 (TeX Live 2016) (preloaded format=pdflatex 2016.5.22)  17 FEB 2020 15:13
entering extended mode
 restricted \write18 enabled.
 file:line:error style messages enabled.
 %&-line parsing enabled.
**ordinalT_arxiv_v3.tex
(./ordinalT_arxiv_v3.tex
LaTeX2e <2016/03/31>
Babel <3.9r> and hyphenation patterns for 83 language(s) loaded.
(/usr/local/texlive/2016/texmf-dist/tex/latex/base/article.cls
Document Class: article 2014/09/29 v1.4h Standard LaTeX document class
(/usr/local/texlive/2016/texmf-dist/tex/latex/base/size11.clo
File: size11.clo 2014/09/29 v1.4h Standard LaTeX file (size option)
)
\c@part=\count79
\c@section=\count80
\c@subsection=\count81
\c@subsubsection=\count82
\c@paragraph=\count83
\c@subparagraph=\count84
\c@figure=\count85
\c@table=\count86
\abovecaptionskip=\skip41
\belowcaptionskip=\skip42
\bibindent=\dimen102
)
(/usr/local/texlive/2016/texmf-dist/tex/latex/fancybox/fancybox.sty
Package: fancybox 2010/05/15 1.4

Style option: `fancybox' v1.4 <2010/05/15> (tvz)
\@fancybox=\box26
\shadowsize=\dimen103
\@Sbox=\box27
\do@VerbBox=\toks14
\the@fancyput=\toks15
\this@fancyput=\toks16
\EndVerbatimTokens=\toks17
\Verbatim@Outfile=\write3
\Verbatim@Infile=\read1
) (/usr/local/texlive/2016/texmf-dist/tex/latex/graphics/color.sty
Package: color 2016/05/09 v1.1c Standard LaTeX Color (DPC)

(/usr/local/texlive/2016/texmf-dist/tex/latex/graphics-cfg/color.cfg
File: color.cfg 2016/01/02 v1.6 sample color configuration
)
Package color Info: Driver file: pdftex.def on input line 144.

(/usr/local/texlive/2016/texmf-dist/tex/latex/pdftex-def/pdftex.def
File: pdftex.def 2011/05/27 v0.06d Graphics/color for pdfTeX

(/usr/local/texlive/2016/texmf-dist/tex/generic/oberdiek/infwarerr.sty
Package: infwarerr 2016/05/16 v1.4 Providing info/warning/error messages (HO)
)
(/usr/local/texlive/2016/texmf-dist/tex/generic/oberdiek/ltxcmds.sty
Package: ltxcmds 2016/05/16 v1.23 LaTeX kernel commands for general use (HO)
)
\Gread@gobject=\count87
))
(/usr/local/texlive/2016/texmf-dist/tex/latex/url/url.sty
\Urlmuskip=\muskip10
Package: url 2013/09/16  ver 3.4  Verb mode for urls, etc.
)
(/usr/local/texlive/2016/texmf-dist/tex/latex/geometry/geometry.sty
Package: geometry 2010/09/12 v5.6 Page Geometry

(/usr/local/texlive/2016/texmf-dist/tex/latex/graphics/keyval.sty
Package: keyval 2014/10/28 v1.15 key=value parser (DPC)
\KV@toks@=\toks18
)
(/usr/local/texlive/2016/texmf-dist/tex/generic/oberdiek/ifpdf.sty
Package: ifpdf 2016/05/14 v3.1 Provides the ifpdf switch
)
(/usr/local/texlive/2016/texmf-dist/tex/generic/oberdiek/ifvtex.sty
Package: ifvtex 2016/05/16 v1.6 Detect VTeX and its facilities (HO)
Package ifvtex Info: VTeX not detected.
)
(/usr/local/texlive/2016/texmf-dist/tex/generic/ifxetex/ifxetex.sty
Package: ifxetex 2010/09/12 v0.6 Provides ifxetex conditional
)
\Gm@cnth=\count88
\Gm@cntv=\count89
\c@Gm@tempcnt=\count90
\Gm@bindingoffset=\dimen104
\Gm@wd@mp=\dimen105
\Gm@odd@mp=\dimen106
\Gm@even@mp=\dimen107
\Gm@layoutwidth=\dimen108
\Gm@layoutheight=\dimen109
\Gm@layouthoffset=\dimen110
\Gm@layoutvoffset=\dimen111
\Gm@dimlist=\toks19
)
(/usr/local/texlive/2016/texmf-dist/tex/latex/comment/comment.sty
\CommentStream=\write4

Excluding comment 'comment')
(/usr/local/texlive/2016/texmf-dist/tex/latex/amsmath/amsmath.sty
Package: amsmath 2016/03/10 v2.15b AMS math features
\@mathmargin=\skip43

For additional information on amsmath, use the `?' option.
(/usr/local/texlive/2016/texmf-dist/tex/latex/amsmath/amstext.sty
Package: amstext 2000/06/29 v2.01 AMS text

(/usr/local/texlive/2016/texmf-dist/tex/latex/amsmath/amsgen.sty
File: amsgen.sty 1999/11/30 v2.0 generic functions
\@emptytoks=\toks20
\ex@=\dimen112
))
(/usr/local/texlive/2016/texmf-dist/tex/latex/amsmath/amsbsy.sty
Package: amsbsy 1999/11/29 v1.2d Bold Symbols
\pmbraise@=\dimen113
)
(/usr/local/texlive/2016/texmf-dist/tex/latex/amsmath/amsopn.sty
Package: amsopn 2016/03/08 v2.02 operator names
)
\inf@bad=\count91
LaTeX Info: Redefining \frac on input line 199.
\uproot@=\count92
\leftroot@=\count93
LaTeX Info: Redefining \overline on input line 297.
\classnum@=\count94
\DOTSCASE@=\count95
LaTeX Info: Redefining \ldots on input line 394.
LaTeX Info: Redefining \dots on input line 397.
LaTeX Info: Redefining \cdots on input line 518.
\Mathstrutbox@=\box28
\strutbox@=\box29
\big@size=\dimen114
LaTeX Font Info:    Redeclaring font encoding OML on input line 634.
LaTeX Font Info:    Redeclaring font encoding OMS on input line 635.
\macc@depth=\count96
\c@MaxMatrixCols=\count97
\dotsspace@=\muskip11
\c@parentequation=\count98
\dspbrk@lvl=\count99
\tag@help=\toks21
\row@=\count100
\column@=\count101
\maxfields@=\count102
\andhelp@=\toks22
\eqnshift@=\dimen115
\alignsep@=\dimen116
\tagshift@=\dimen117
\tagwidth@=\dimen118
\totwidth@=\dimen119
\lineht@=\dimen120
\@envbody=\toks23
\multlinegap=\skip44
\multlinetaggap=\skip45
\mathdisplay@stack=\toks24
LaTeX Info: Redefining \[ on input line 2739.
LaTeX Info: Redefining \] on input line 2740.
)
(/usr/local/texlive/2016/texmf-dist/tex/latex/amsfonts/amssymb.sty
Package: amssymb 2013/01/14 v3.01 AMS font symbols

(/usr/local/texlive/2016/texmf-dist/tex/latex/amsfonts/amsfonts.sty
Package: amsfonts 2013/01/14 v3.01 Basic AMSFonts support
\symAMSa=\mathgroup4
\symAMSb=\mathgroup5
LaTeX Font Info:    Overwriting math alphabet `\mathfrak' in version `bold'
(Font)                  U/euf/m/n --> U/euf/b/n on input line 106.
))
(/usr/local/texlive/2016/texmf-dist/tex/latex/amscls/amsthm.sty
Package: amsthm 2015/03/04 v2.20.2
\thm@style=\toks25
\thm@bodyfont=\toks26
\thm@headfont=\toks27
\thm@notefont=\toks28
\thm@headpunct=\toks29
\thm@preskip=\skip46
\thm@postskip=\skip47
\thm@headsep=\skip48
\dth@everypar=\toks30
)
(/usr/local/texlive/2016/texmf-dist/tex/latex/tools/bm.sty
Package: bm 2016/02/27 v1.2a Bold Symbol Support (DPC/FMi)
\symboldoperators=\mathgroup6
\symboldletters=\mathgroup7
\symboldsymbols=\mathgroup8
LaTeX Font Info:    Redeclaring math alphabet \mathbf on input line 142.
LaTeX Info: Redefining \bm on input line 208.
)
(/usr/local/texlive/2016/texmf-dist/tex/latex/mathtools/mathtools.sty
Package: mathtools 2015/11/12 v1.18 mathematical typesetting tools

(/usr/local/texlive/2016/texmf-dist/tex/latex/tools/calc.sty
Package: calc 2014/10/28 v4.3 Infix arithmetic (KKT,FJ)
\calc@Acount=\count103
\calc@Bcount=\count104
\calc@Adimen=\dimen121
\calc@Bdimen=\dimen122
\calc@Askip=\skip49
\calc@Bskip=\skip50
LaTeX Info: Redefining \setlength on input line 80.
LaTeX Info: Redefining \addtolength on input line 81.
\calc@Ccount=\count105
\calc@Cskip=\skip51
)
(/usr/local/texlive/2016/texmf-dist/tex/latex/mathtools/mhsetup.sty
Package: mhsetup 2010/01/21 v1.2a programming setup (MH)
)
LaTeX Info: Thecontrolsequence`\('isalreadyrobust on input line 129.
LaTeX Info: Thecontrolsequence`\)'isalreadyrobust on input line 129.
LaTeX Info: Thecontrolsequence`\['isalreadyrobust on input line 129.
LaTeX Info: Thecontrolsequence`\]'isalreadyrobust on input line 129.
\g_MT_multlinerow_int=\count106
\l_MT_multwidth_dim=\dimen123
\origjot=\skip52
\l_MT_shortvdotswithinadjustabove_dim=\dimen124
\l_MT_shortvdotswithinadjustbelow_dim=\dimen125
\l_MT_above_intertext_sep=\dimen126
\l_MT_below_intertext_sep=\dimen127
\l_MT_above_shortintertext_sep=\dimen128
\l_MT_below_shortintertext_sep=\dimen129
)
(/usr/local/texlive/2016/texmf-dist/tex/latex/natbib/natbib.sty
Package: natbib 2010/09/13 8.31b (PWD, AO)
\bibhang=\skip53
\bibsep=\skip54
LaTeX Info: Redefining \cite on input line 694.
\c@NAT@ctr=\count107
)
(/usr/local/texlive/2016/texmf-dist/tex/latex/doublestroke/dsfont.sty
Package: dsfont 1995/08/01 v0.1 Double stroke roman fonts
)
(/usr/local/texlive/2016/texmf-dist/tex/latex/multirow/multirow.sty
\bigstrutjot=\dimen130
)
(/usr/local/texlive/2016/texmf-dist/tex/latex/hyperref/hyperref.sty
Package: hyperref 2016/05/05 v6.83n Hypertext links for LaTeX

(/usr/local/texlive/2016/texmf-dist/tex/generic/oberdiek/hobsub-hyperref.sty
Package: hobsub-hyperref 2016/05/16 v1.14 Bundle oberdiek, subset hyperref (HO)


(/usr/local/texlive/2016/texmf-dist/tex/generic/oberdiek/hobsub-generic.sty
Package: hobsub-generic 2016/05/16 v1.14 Bundle oberdiek, subset generic (HO)
Package: hobsub 2016/05/16 v1.14 Construct package bundles (HO)
Package hobsub Info: Skipping package `infwarerr' (already loaded).
Package hobsub Info: Skipping package `ltxcmds' (already loaded).
Package: ifluatex 2016/05/16 v1.4 Provides the ifluatex switch (HO)
Package ifluatex Info: LuaTeX not detected.
Package hobsub Info: Skipping package `ifvtex' (already loaded).
Package: intcalc 2016/05/16 v1.2 Expandable calculations with integers (HO)
Package hobsub Info: Skipping package `ifpdf' (already loaded).
Package: etexcmds 2016/05/16 v1.6 Avoid name clashes with e-TeX commands (HO)
Package etexcmds Info: Could not find \expanded.
(etexcmds)             That can mean that you are not using pdfTeX 1.50 or
(etexcmds)             that some package has redefined \expanded.
(etexcmds)             In the latter case, load this package earlier.
Package: kvsetkeys 2016/05/16 v1.17 Key value parser (HO)
Package: kvdefinekeys 2016/05/16 v1.4 Define keys (HO)
Package: pdftexcmds 2016/05/10 v0.21 Utility functions of pdfTeX for LuaTeX (HO
)
Package pdftexcmds Info: LuaTeX not detected.
Package pdftexcmds Info: \pdf@primitive is available.
Package pdftexcmds Info: \pdf@ifprimitive is available.
Package pdftexcmds Info: \pdfdraftmode found.
Package: pdfescape 2016/05/16 v1.14 Implements pdfTeX's escape features (HO)
Package: bigintcalc 2016/05/16 v1.4 Expandable calculations on big integers (HO
)
Package: bitset 2016/05/16 v1.2 Handle bit-vector datatype (HO)
Package: uniquecounter 2016/05/16 v1.3 Provide unlimited unique counter (HO)
)
Package hobsub Info: Skipping package `hobsub' (already loaded).
Package: letltxmacro 2016/05/16 v1.5 Let assignment for LaTeX macros (HO)
Package: hopatch 2016/05/16 v1.3 Wrapper for package hooks (HO)
Package: xcolor-patch 2016/05/16 xcolor patch
Package: atveryend 2016/05/16 v1.9 Hooks at the very end of document (HO)
Package atveryend Info: \enddocument detected (standard20110627).
Package: atbegshi 2016/05/16 v1.17 At begin shipout hook (HO)
Package: refcount 2016/05/16 v3.5 Data extraction from label references (HO)
Package: hycolor 2016/05/16 v1.8 Color options for hyperref/bookmark (HO)
)
(/usr/local/texlive/2016/texmf-dist/tex/latex/oberdiek/auxhook.sty
Package: auxhook 2016/05/16 v1.4 Hooks for auxiliary files (HO)
)
(/usr/local/texlive/2016/texmf-dist/tex/latex/oberdiek/kvoptions.sty
Package: kvoptions 2016/05/16 v3.12 Key value format for package options (HO)
)
\@linkdim=\dimen131
\Hy@linkcounter=\count108
\Hy@pagecounter=\count109

(/usr/local/texlive/2016/texmf-dist/tex/latex/hyperref/pd1enc.def
File: pd1enc.def 2016/05/05 v6.83n Hyperref: PDFDocEncoding definition (HO)
)
\Hy@SavedSpaceFactor=\count110

(/usr/local/texlive/2016/texmf-dist/tex/latex/latexconfig/hyperref.cfg
File: hyperref.cfg 2002/06/06 v1.2 hyperref configuration of TeXLive
)
Package hyperref Info: Hyper figures OFF on input line 4446.
Package hyperref Info: Link nesting OFF on input line 4451.
Package hyperref Info: Hyper index ON on input line 4454.
Package hyperref Info: Plain pages OFF on input line 4461.
Package hyperref Info: Backreferencing OFF on input line 4466.
Package hyperref Info: Implicit mode ON; LaTeX internals redefined.
Package hyperref Info: Bookmarks ON on input line 4691.
\c@Hy@tempcnt=\count111
LaTeX Info: Redefining \url on input line 5044.
\XeTeXLinkMargin=\dimen132
\Fld@menulength=\count112
\Field@Width=\dimen133
\Fld@charsize=\dimen134
Package hyperref Info: Hyper figures OFF on input line 6298.
Package hyperref Info: Link nesting OFF on input line 6303.
Package hyperref Info: Hyper index ON on input line 6306.
Package hyperref Info: backreferencing OFF on input line 6313.
Package hyperref Info: Link coloring OFF on input line 6318.
Package hyperref Info: Link coloring with OCG OFF on input line 6323.
Package hyperref Info: PDF/A mode OFF on input line 6328.
LaTeX Info: Redefining \ref on input line 6368.
LaTeX Info: Redefining \pageref on input line 6372.
\Hy@abspage=\count113
\c@Item=\count114
\c@Hfootnote=\count115
)

Package hyperref Message: Driver (autodetected): hpdftex.

(/usr/local/texlive/2016/texmf-dist/tex/latex/hyperref/hpdftex.def
File: hpdftex.def 2016/05/05 v6.83n Hyperref driver for pdfTeX
\Fld@listcount=\count116
\c@bookmark@seq@number=\count117

(/usr/local/texlive/2016/texmf-dist/tex/latex/oberdiek/rerunfilecheck.sty
Package: rerunfilecheck 2016/05/16 v1.8 Rerun checks for auxiliary files (HO)
Package uniquecounter Info: New unique counter `rerunfilecheck' on input line 2
82.
)
\Hy@SectionHShift=\skip55
)
(/usr/local/texlive/2016/texmf-dist/tex/latex/setspace/setspace.sty
Package: setspace 2011/12/19 v6.7a set line spacing
)
(/usr/local/texlive/2016/texmf-dist/tex/latex/tools/enumerate.sty
Package: enumerate 2015/07/23 v3.00 enumerate extensions (DPC)
\@enLab=\toks31
)
Package hyperref Info: Option `colorlinks' set `true' on input line 12.

(/usr/local/texlive/2016/texmf-dist/tex/latex/algorithms/algorithm.sty
Package: algorithm 2009/08/24 v0.1 Document Style `algorithm' - floating enviro
nment

(/usr/local/texlive/2016/texmf-dist/tex/latex/float/float.sty
Package: float 2001/11/08 v1.3d Float enhancements (AL)
\c@float@type=\count118
\float@exts=\toks32
\float@box=\box30
\@float@everytoks=\toks33
\@floatcapt=\box31
)
(/usr/local/texlive/2016/texmf-dist/tex/latex/base/ifthen.sty
Package: ifthen 2014/09/29 v1.1c Standard LaTeX ifthen package (DPC)
)
\@float@every@algorithm=\toks34
\c@algorithm=\count119
)
(/usr/local/texlive/2016/texmf-dist/tex/latex/algorithms/algorithmic.sty
Package: algorithmic 2009/08/24 v0.1 Document Style `algorithmic'
\c@ALC@unique=\count120
\c@ALC@line=\count121
\c@ALC@rem=\count122
\c@ALC@depth=\count123
\ALC@tlm=\skip56
\algorithmicindent=\skip57
)
(/usr/local/texlive/2016/texmf-dist/tex/latex/makecell/makecell.sty
Package: makecell 2009/08/03 V0.1e Managing of Tab Column Heads and Cells

(/usr/local/texlive/2016/texmf-dist/tex/latex/tools/array.sty
Package: array 2014/10/28 v2.4c Tabular extension package (FMi)
\col@sep=\dimen135
\extrarowheight=\dimen136
\NC@list=\toks35
\extratabsurround=\skip58
\backup@length=\skip59
)
\rotheadsize=\dimen137
\c@nlinenum=\count124
\TeXr@lab=\toks36
)
(/usr/local/texlive/2016/texmf-dist/tex/latex/parskip/parskip.sty
Package: parskip 2001/04/09 non-zero parskip adjustments
)
\c@thm=\count125
\c@lem=\count126
\c@prop=\count127
\c@pro=\count128
\c@assumption=\count129
\c@cor=\count130
\c@defn=\count131
\c@example=\count132
\c@rmk=\count133

(/usr/local/texlive/2016/texmf-dist/tex/latex/psnfss/pifont.sty
Package: pifont 2005/04/12 PSNFSS-v9.2a Pi font support (SPQR) 
LaTeX Font Info:    Try loading font information for U+pzd on input line 63.

(/usr/local/texlive/2016/texmf-dist/tex/latex/psnfss/upzd.fd
File: upzd.fd 2001/06/04 font definitions for U/pzd.
)
LaTeX Font Info:    Try loading font information for U+psy on input line 64.

(/usr/local/texlive/2016/texmf-dist/tex/latex/psnfss/upsy.fd
File: upsy.fd 2001/06/04 font definitions for U/psy.
))
(/usr/local/texlive/2016/texmf-dist/tex/latex/wrapfig/wrapfig.sty
\wrapoverhang=\dimen138
\WF@size=\dimen139
\c@WF@wrappedlines=\count134
\WF@box=\box32
\WF@everypar=\toks37
Package: wrapfig 2003/01/31  v 3.6
)
(./macros.tex
(/usr/local/texlive/2016/texmf-dist/tex/latex/stmaryrd/stmaryrd.sty
Package: stmaryrd 1994/03/03 St Mary's Road symbol package
\symstmry=\mathgroup9
LaTeX Font Info:    Overwriting symbol font `stmry' in version `bold'
(Font)                  U/stmry/m/n --> U/stmry/b/n on input line 89.
))
No file ordinalT_arxiv_v3.aux.
\openout1 = `ordinalT_arxiv_v3.aux'.

LaTeX Font Info:    Checking defaults for OML/cmm/m/it on input line 81.
LaTeX Font Info:    ... okay on input line 81.
LaTeX Font Info:    Checking defaults for T1/cmr/m/n on input line 81.
LaTeX Font Info:    ... okay on input line 81.
LaTeX Font Info:    Checking defaults for OT1/cmr/m/n on input line 81.
LaTeX Font Info:    ... okay on input line 81.
LaTeX Font Info:    Checking defaults for OMS/cmsy/m/n on input line 81.
LaTeX Font Info:    ... okay on input line 81.
LaTeX Font Info:    Checking defaults for OMX/cmex/m/n on input line 81.
LaTeX Font Info:    ... okay on input line 81.
LaTeX Font Info:    Checking defaults for U/cmr/m/n on input line 81.
LaTeX Font Info:    ... okay on input line 81.
LaTeX Font Info:    Checking defaults for PD1/pdf/m/n on input line 81.
LaTeX Font Info:    ... okay on input line 81.
(/usr/local/texlive/2016/texmf-dist/tex/context/base/mkii/supp-pdf.mkii
[Loading MPS to PDF converter (version 2006.09.02).]
\scratchcounter=\count135
\scratchdimen=\dimen140
\scratchbox=\box33
\nofMPsegments=\count136
\nofMParguments=\count137
\everyMPshowfont=\toks38
\MPscratchCnt=\count138
\MPscratchDim=\dimen141
\MPnumerator=\count139
\makeMPintoPDFobject=\count140
\everyMPtoPDFconversion=\toks39
)
*geometry* driver: auto-detecting
*geometry* detected driver: pdftex
*geometry* verbose mode - [ preamble ] result:
* driver: pdftex
* paper: <default>
* layout: <same size as paper>
* layoutoffset:(h,v)=(0.0pt,0.0pt)
* modes: 
* h-part:(L,W,R)=(72.26999pt, 469.75502pt, 72.26999pt)
* v-part:(T,H,B)=(72.26999pt, 650.43001pt, 72.26999pt)
* \paperwidth=614.295pt
* \paperheight=794.96999pt
* \textwidth=469.75502pt
* \textheight=650.43001pt
* \oddsidemargin=0.0pt
* \evensidemargin=0.0pt
* \topmargin=-37.0pt
* \headheight=12.0pt
* \headsep=25.0pt
* \topskip=11.0pt
* \footskip=30.0pt
* \marginparwidth=59.0pt
* \marginparsep=10.0pt
* \columnsep=10.0pt
* \skip\footins=10.0pt plus 4.0pt minus 2.0pt
* \hoffset=0.0pt
* \voffset=0.0pt
* \mag=1000
* \@twocolumnfalse
* \@twosidefalse
* \@mparswitchfalse
* \@reversemarginfalse
* (1in=72.27pt=25.4mm, 1cm=28.453pt)

(/usr/local/texlive/2016/texmf-dist/tex/latex/graphics/graphicx.sty
Package: graphicx 2014/10/28 v1.0g Enhanced LaTeX Graphics (DPC,SPQR)

(/usr/local/texlive/2016/texmf-dist/tex/latex/graphics/graphics.sty
Package: graphics 2016/05/09 v1.0r Standard LaTeX Graphics (DPC,SPQR)

(/usr/local/texlive/2016/texmf-dist/tex/latex/graphics/trig.sty
Package: trig 2016/01/03 v1.10 sin cos tan (DPC)
)
(/usr/local/texlive/2016/texmf-dist/tex/latex/graphics-cfg/graphics.cfg
File: graphics.cfg 2016/01/02 v1.10 sample graphics configuration
)
Package graphics Info: Driver file: pdftex.def on input line 96.
)
(/usr/local/texlive/2016/texmf-dist/tex/latex/oberdiek/epstopdf-base.sty
Package: epstopdf-base 2016/05/15 v2.6 Base part for package epstopdf

(/usr/local/texlive/2016/texmf-dist/tex/latex/oberdiek/grfext.sty
Package: grfext 2016/05/16 v1.2 Manage graphics extensions (HO)
)
Package grfext Info: Graphics extension search list:
(grfext)             [.png,.pdf,.jpg,.mps,.jpeg,.jbig2,.jb2,.PNG,.PDF,.JPG,.JPE
G,.JBIG2,.JB2,.eps]
(grfext)             \AppendGraphicsExtensions on input line 456.

(/usr/local/texlive/2016/texmf-dist/tex/latex/latexconfig/epstopdf-sys.cfg
File: epstopdf-sys.cfg 2010/07/13 v1.3 Configuration of (r)epstopdf for TeX Liv
e
))
\Gin@req@height=\dimen142
\Gin@req@width=\dimen143
)
\AtBeginShipoutBox=\box34
Package hyperref Info: Link coloring ON on input line 81.

(/usr/local/texlive/2016/texmf-dist/tex/latex/hyperref/nameref.sty
Package: nameref 2012/10/27 v2.43 Cross-referencing by name of section

(/usr/local/texlive/2016/texmf-dist/tex/generic/oberdiek/gettitlestring.sty
Package: gettitlestring 2016/05/16 v1.5 Cleanup title references (HO)
)
\c@section@level=\count141
)
LaTeX Info: Redefining \ref on input line 81.
LaTeX Info: Redefining \pageref on input line 81.
LaTeX Info: Redefining \nameref on input line 81.
\@outlinefile=\write5
\openout5 = `ordinalT_arxiv_v3.out'.

LaTeX Font Info:    Try loading font information for U+msa on input line 83.

(/usr/local/texlive/2016/texmf-dist/tex/latex/amsfonts/umsa.fd
File: umsa.fd 2013/01/14 v3.01 AMS symbols A
)
LaTeX Font Info:    Try loading font information for U+msb on input line 83.

(/usr/local/texlive/2016/texmf-dist/tex/latex/amsfonts/umsb.fd
File: umsb.fd 2013/01/14 v3.01 AMS symbols B
)
LaTeX Font Info:    Try loading font information for U+stmry on input line 83.

(/usr/local/texlive/2016/texmf-dist/tex/latex/stmaryrd/Ustmry.fd)

Package natbib Warning: Citation `baltrunas2011incarmusic' on page 1 undefined 
on input line 90.


Package natbib Warning: Citation `nickel2011three' on page 1 undefined on input
 line 90.


Package natbib Warning: Citation `hore2016tensor' on page 1 undefined on input 
line 90.


Package natbib Warning: Citation `zhou2013tensor' on page 1 undefined on input 
line 90.


Package natbib Warning: Citation `hong2018generalized' on page 1 undefined on i
nput line 90.


Package natbib Warning: Citation `zeng2019multiway' on page 1 undefined on inpu
t line 90.


Package natbib Warning: Citation `ghadermarzy2018learning' on page 1 undefined 
on input line 90.


Package natbib Warning: Citation `ghadermarzy2019near' on page 1 undefined on i
nput line 90.


Package natbib Warning: Citation `anandkumar2014tensor' on page 1 undefined on 
input line 92.


Package natbib Warning: Citation `wang2017tensor' on page 1 undefined on input 
line 92.


Package natbib Warning: Citation `hitchcock1927expression' on page 1 undefined 
on input line 92.


Package natbib Warning: Citation `tucker1966some' on page 1 undefined on input 
line 92.

LaTeX Font Info:    Try loading font information for OMS+cmr on input line 92.
(/usr/local/texlive/2016/texmf-dist/tex/latex/base/omscmr.fd
File: omscmr.fd 2014/09/29 v2.5h Standard LaTeX font definitions
)
LaTeX Font Info:    Font shape `OMS/cmr/m/n' in size <10.95> not available
(Font)              Font shape `OMS/cmsy/m/n' tried instead on input line 92.


Package natbib Warning: Citation `kolda2009tensor' on page 1 undefined on input
 line 94.


Package natbib Warning: Citation `ghadermarzy2019near' on page 1 undefined on i
nput line 94.


Package natbib Warning: Citation `ghadermarzy2018learning' on page 1 undefined 
on input line 94.

[1

{/usr/local/texlive/2016/texmf-var/fonts/map/pdftex/updmap/pdftex.map}]

LaTeX Warning: Reference `tab:compare' on page 2 undefined on input line 96.


Package natbib Warning: Citation `ghadermarzy2018learning' on page 2 undefined 
on input line 96.


Package natbib Warning: Citation `bhaskar2016probabilistic' on page 2 undefined
 on input line 115.


Package natbib Warning: Citation `ghadermarzy2018learning' on page 2 undefined 
on input line 115.


Package natbib Warning: Citation `cai2013max' on page 2 undefined on input line
 120.


Package natbib Warning: Citation `davenport2014' on page 2 undefined on input l
ine 120.


Package natbib Warning: Citation `bhaskar20151' on page 2 undefined on input li
ne 120.


Package natbib Warning: Citation `bhaskar2016probabilistic' on page 2 undefined
 on input line 120.


LaTeX Warning: Reference `sec:theory' on page 2 undefined on input line 120.


Package natbib Warning: Citation `wang2018learning' on page 2 undefined on inpu
t line 122.


Package natbib Warning: Citation `hong2018generalized' on page 2 undefined on i
nput line 122.


Package natbib Warning: Citation `ghadermarzy2018learning' on page 2 undefined 
on input line 122.


Package natbib Warning: Citation `mccullagh1980regression' on page 2 undefined 
on input line 122.


Package natbib Warning: Citation `ghadermarzy2018learning' on page 2 undefined 
on input line 122.


LaTeX Warning: Reference `sec:experiment' on page 2 undefined on input line 122
.

[2pdfTeX warning (ext4): destination with the same identifier (name{table.1}) h
as been already used, duplicate ignored

\AtBegShi@Output ...ipout \box \AtBeginShipoutBox 
                                                  \fi \fi 
l.127 
      ]

LaTeX Warning: Reference `eq:model' on page 3 undefined on input line 138.


Package amsmath Warning: Foreign command \over;
(amsmath)                \frac or \genfrac should be used instead
(amsmath)                 on input line 138.


LaTeX Warning: Reference `eq:model' on page 3 undefined on input line 138.


LaTeX Warning: Reference `eq:model' on page 3 undefined on input line 142.


LaTeX Warning: Reference `eq:logodd' on page 3 undefined on input line 142.


LaTeX Warning: Reference `eq:model' on page 3 undefined on input line 145.

[3]

LaTeX Warning: Reference `eq:latent' on page 4 undefined on input line 159.


LaTeX Warning: Reference `eq:quantization' on page 4 undefined on input line 16
1.


LaTeX Warning: Reference `eq:model' on page 4 undefined on input line 161.


LaTeX Warning: Reference `eq:model' on page 4 undefined on input line 163.


LaTeX Warning: Reference `eq:quantization' on page 4 undefined on input line 16
3.


LaTeX Warning: Reference `eq:model' on page 4 undefined on input line 166.


LaTeX Warning: Reference `eq:quantization' on page 4 undefined on input line 16
7.


Package natbib Warning: Citation `mccullagh1980regression' on page 4 undefined 
on input line 170.


LaTeX Warning: Reference `eq:model' on page 4 undefined on input line 170.


Package natbib Warning: Citation `zhou2013tensor' on page 4 undefined on input 
line 185.


Package natbib Warning: Citation `bhaskar20151' on page 4 undefined on input li
ne 185.

[4]

Package natbib Warning: Citation `kolda2009tensor' on page 5 undefined on input
 line 195.


Package natbib Warning: Citation `hitchcock1927expression' on page 5 undefined 
on input line 195.


Package natbib Warning: Citation `oseledets2011tensor' on page 5 undefined on i
nput line 195.


Package natbib Warning: Citation `de2008tensor' on page 5 undefined on input li
ne 195.


LaTeX Warning: Reference `eq:latent' on page 5 undefined on input line 197.


LaTeX Warning: Reference `eq:model' on page 5 undefined on input line 203.


LaTeX Warning: Reference `eq:space' on page 5 undefined on input line 207.


LaTeX Warning: Reference `sec:denoising' on page 5 undefined on input line 207.



Package natbib Warning: Citation `negahban2011estimation' on page 5 undefined o
n input line 207.


Package natbib Warning: Citation `cai2013max' on page 5 undefined on input line
 207.


Package natbib Warning: Citation `bhaskar20151' on page 5 undefined on input li
ne 207.

[5]
LaTeX Font Info:    Try loading font information for U+dsrom on input line 213.

 (/usr/local/texlive/2016/texmf-dist/tex/latex/doublestroke/Udsrom.fd
File: Udsrom.fd 1995/08/01 v0.1 Double stroke roman font definitions
)

LaTeX Warning: Reference `sec:algorithm' on page 6 undefined on input line 219.



LaTeX Warning: Reference `sec:extention' on page 6 undefined on input line 219.



LaTeX Warning: Reference `eq:latent' on page 6 undefined on input line 226.


LaTeX Warning: Reference `ass:link' on page 6 undefined on input line 226.


LaTeX Warning: Reference `eq:estimator' on page 6 undefined on input line 233.


LaTeX Warning: Reference `eq:model' on page 6 undefined on input line 236.


LaTeX Warning: Reference `eq:estimator' on page 6 undefined on input line 236.


Underfull \hbox (badness 10000) in paragraph at lines 239--241

 []


LaTeX Warning: Reference `thm:rate' on page 6 undefined on input line 243.


LaTeX Warning: Reference `eq:estimator' on page 6 undefined on input line 243.


LaTeX Warning: Reference `sec:proofMSE' on page 6 undefined on input line 243.


LaTeX Warning: Reference `eq:estimator' on page 6 undefined on input line 243.


LaTeX Warning: Reference `sec:algorithm' on page 6 undefined on input line 243.


[6]

LaTeX Warning: Reference `thm:rate' on page 7 undefined on input line 248.


LaTeX Warning: Reference `thm:rate' on page 7 undefined on input line 252.


LaTeX Warning: Reference `eq:rate' on page 7 undefined on input line 255.


Package natbib Warning: Citation `ghadermarzy2018learning' on page 7 undefined 
on input line 259.


Package natbib Warning: Citation `ghadermarzy2018learning' on page 7 undefined 
on input line 259.


Package natbib Warning: Citation `ghadermarzy2018learning' on page 7 undefined 
on input line 259.


Package natbib Warning: Citation `bhaskar2016probabilistic' on page 7 undefined
 on input line 261.


LaTeX Warning: Reference `eq:rate' on page 7 undefined on input line 261.


LaTeX Warning: Reference `eq:KLrate' on page 7 undefined on input line 261.


LaTeX Warning: Reference `eq:estimator' on page 7 undefined on input line 264.


LaTeX Warning: Reference `thm:rate' on page 7 undefined on input line 267.


LaTeX Warning: Reference `eq:model' on page 7 undefined on input line 267.


Underfull \hbox (badness 10000) in paragraph at lines 270--272

 []


LaTeX Warning: Reference `eq:rate' on page 7 undefined on input line 274.


LaTeX Warning: Reference `eq:estimator' on page 7 undefined on input line 274.

[7]

LaTeX Warning: Reference `eq:weighted' on page 8 undefined on input line 290.


LaTeX Warning: Reference `thm:rate' on page 8 undefined on input line 299.


LaTeX Warning: Reference `eq:estimator' on page 8 undefined on input line 299.


LaTeX Warning: Reference `thm:completion' on page 8 undefined on input line 305
.


Package natbib Warning: Citation `mu2014square' on page 8 undefined on input li
ne 305.


Package natbib Warning: Citation `yuan2016tensor' on page 8 undefined on input 
line 305.


Package natbib Warning: Citation `zhang2019cross' on page 8 undefined on input 
line 305.


Package natbib Warning: Citation `ghadermarzy2018learning' on page 8 undefined 
on input line 305.


LaTeX Warning: Reference `eq:objective' on page 8 undefined on input line 309.


LaTeX Warning: Reference `sec:proofconvexity' on page 8 undefined on input line
 309.


LaTeX Warning: Reference `eq:objective' on page 8 undefined on input line 309.


LaTeX Warning: Reference `eq:Tucker' on page 8 undefined on input line 309.


LaTeX Warning: Reference `eq:objective' on page 8 undefined on input line 309.


LaTeX Warning: Reference `alg' on page 8 undefined on input line 309.

[8]
Package hyperref Info: bookmark level for unknown algorithm defaults to 0 on in
put line 312.


LaTeX Warning: Reference `eq:estimator' on page 9 undefined on input line 337.


LaTeX Warning: Reference `sec:denosing' on page 9 undefined on input line 337.


LaTeX Warning: Reference `fig:stability' on page 9 undefined on input line 337.



LaTeX Warning: Reference `eq:model' on page 9 undefined on input line 337.


LaTeX Warning: File `algorithm.pdf' not found on input line 341.


./ordinalT_arxiv_v3.tex:341: Package pdftex.def Error: File `algorithm.pdf' not
 found.

See the pdftex.def package documentation for explanation.
Type  H <return>  for immediate help.
 ...                                              
                                                  
l.341 ...phics[width=0.7\textwidth]{algorithm.pdf}
                                                  \label{fig:stability}
? 
[9]

LaTeX Warning: Reference `eq:model' on page 10 undefined on input line 355.


LaTeX Warning: Reference `eq:Tucker' on page 10 undefined on input line 355.

[10pdfTeX warning (ext4): destination with the same identifier (name{figure.1})
 has been already used, duplicate ignored

\AtBegShi@Output ...ipout \box \AtBeginShipoutBox 
                                                  \fi \fi 
l.356 
      ]

LaTeX Warning: Reference `fig:finite' on page 11 undefined on input line 358.


LaTeX Warning: Reference `eq:rate' on page 11 undefined on input line 358.


LaTeX Warning: Reference `fig:finite' on page 11 undefined on input line 358.


LaTeX Warning: Reference `sec:latent' on page 11 undefined on input line 358.


Package natbib Warning: Citation `davenport2014' on page 11 undefined on input 
line 358.


Package natbib Warning: Citation `sur2019modern' on page 11 undefined on input 
line 358.


LaTeX Warning: Reference `fig:finite' on page 11 undefined on input line 360.


LaTeX Warning: Reference `fig:finite' on page 11 undefined on input line 360.


LaTeX Warning: File `panel.pdf' not found on input line 364.


./ordinalT_arxiv_v3.tex:364: Package pdftex.def Error: File `panel.pdf' not fou
nd.

See the pdftex.def package documentation for explanation.
Type  H <return>  for immediate help.
 ...                                              
                                                  
l.364 ...egraphics[width=0.6\textwidth]{panel.pdf}
                                                  
? 

Package natbib Warning: Citation `acar2010scalable' on page 11 undefined on inp
ut line 373.


Package natbib Warning: Citation `ghadermarzy2018learning' on page 11 undefined
 on input line 374.


Package natbib Warning: Citation `bhaskar2016probabilistic' on page 11 undefine
d on input line 375.


LaTeX Warning: Reference `eq:model' on page 11 undefined on input line 378.


Package natbib Warning: Citation `ghadermarzy2018learning' on page 11 undefined
 on input line 378.

[11]

LaTeX Warning: Reference `fig:compare' on page 12 undefined on input line 384.


Package natbib Warning: Citation `ghadermarzy2018learning' on page 12 undefined
 on input line 384.


LaTeX Warning: Reference `fig:compare' on page 12 undefined on input line 384.


LaTeX Warning: Reference `fig:compare' on page 12 undefined on input line 384.


LaTeX Warning: Reference `fig:compare' on page 12 undefined on input line 384.


LaTeX Warning: Reference `eq:logodd' on page 12 undefined on input line 384.


LaTeX Warning: Reference `fig:compare' on page 12 undefined on input line 384.

[12pdfTeX warning (ext4): destination with the same identifier (name{figure.2})
 has been already used, duplicate ignored

\AtBegShi@Output ...ipout \box \AtBeginShipoutBox 
                                                  \fi \fi 
l.385 
      ]

LaTeX Warning: File `panel2.pdf' not found on input line 388.


./ordinalT_arxiv_v3.tex:388: Package pdftex.def Error: File `panel2.pdf' not fo
und.

See the pdftex.def package documentation for explanation.
Type  H <return>  for immediate help.
 ...                                              
                                                  
l.388 ...graphics[width=0.6\textwidth]{panel2.pdf}
                                                  
? 

LaTeX Warning: Reference `eq:latent' on page 13 undefined on input line 392.


LaTeX Warning: Reference `ass:link' on page 13 undefined on input line 392.


LaTeX Warning: Reference `fig:compare2' on page 13 undefined on input line 392.



LaTeX Warning: Reference `fig:compare' on page 13 undefined on input line 392.


LaTeX Warning: Reference `fig:compare2' on page 13 undefined on input line 392.



LaTeX Warning: Reference `fig:compare' on page 13 undefined on input line 392.


LaTeX Warning: Reference `fig:compare2' on page 13 undefined on input line 392.



LaTeX Warning: File `panel3.pdf' not found on input line 396.


./ordinalT_arxiv_v3.tex:396: Package pdftex.def Error: File `panel3.pdf' not fo
und.

See the pdftex.def package documentation for explanation.
Type  H <return>  for immediate help.
 ...                                              
                                                  
l.396 ...egraphics[width=.6\textwidth]{panel3.pdf}
                                                  
? 

Package natbib Warning: Citation `van2013wu' on page 13 undefined on input line
 404.


Package natbib Warning: Citation `baltrunas2011incarmusic' on page 13 undefined
 on input line 404.

[13pdfTeX warning (ext4): destination with the same identifier (name{figure.3})
 has been already used, duplicate ignored

\AtBegShi@Output ...ipout \box \AtBeginShipoutBox 
                                                  \fi \fi 
l.405 
      ]

LaTeX Warning: Reference `sec:clustering' on page 14 undefined on input line 40
7.


LaTeX Warning: Reference `figure:brain image' on page 14 undefined on input lin
e 407.


LaTeX Warning: Reference `table:clustering' on page 14 undefined on input line 
407.


Package natbib Warning: Citation `stoeckel2009supramarginal' on page 14 undefin
ed on input line 407.


LaTeX Warning: Reference `table:CV' on page 14 undefined on input line 409.

[14pdfTeX warning (ext4): destination with the same identifier (name{figure.4})
 has been already used, duplicate ignored

\AtBegShi@Output ...ipout \box \AtBeginShipoutBox 
                                                  \fi \fi 
l.410 
      ]

Package natbib Warning: Citation `baltrunas2011incarmusic' on page 15 undefined
 on input line 411.


LaTeX Warning: Reference `table:CV' on page 15 undefined on input line 411.


Underfull \hbox (badness 10000) in paragraph at lines 415--428
[][]
 []


LaTeX Warning: Reference `sec:theory' on page 15 undefined on input line 433.


LaTeX Warning: Reference `thm:rate' on page 15 undefined on input line 436.


LaTeX Warning: Reference `eq:property' on page 15 undefined on input line 445.

[15pdfTeX warning (ext4): destination with the same identifier (name{table.2}) 
has been already used, duplicate ignored

\AtBegShi@Output ...ipout \box \AtBeginShipoutBox 
                                                  \fi \fi 
l.455 \end{equation}
                    ]

LaTeX Warning: Reference `eq:taylor' on page 16 undefined on input line 458.


LaTeX Warning: Reference `lem:inq' on page 16 undefined on input line 458.


LaTeX Warning: Reference `eq:property' on page 16 undefined on input line 466.


LaTeX Warning: Reference `lem:noisytensor' on page 16 undefined on input line 4
70.


LaTeX Warning: Reference `lem:nuclear' on page 16 undefined on input line 474.


LaTeX Warning: Reference `eq:linear' on page 16 undefined on input line 474.


LaTeX Warning: Reference `eq:norm' on page 16 undefined on input line 474.


LaTeX Warning: Reference `eq:normrandom' on page 16 undefined on input line 474
.


LaTeX Warning: Reference `eq:taylor' on page 16 undefined on input line 479.


LaTeX Warning: Reference `eq:taylor' on page 16 undefined on input line 487.


LaTeX Warning: Reference `eq:linearconclusion' on page 16 undefined on input li
ne 487.


LaTeX Warning: Reference `eq:quadratic' on page 16 undefined on input line 487.


[16]

LaTeX Warning: Reference `cor:prediction' on page 17 undefined on input line 50
6.


LaTeX Warning: Reference `thm:rate' on page 17 undefined on input line 507.


LaTeX Warning: Reference `lem:KL' on page 17 undefined on input line 507.


LaTeX Warning: Reference `thm:minimax' on page 17 undefined on input line 510.


LaTeX Warning: Reference `lem:construction' on page 17 undefined on input line 
512.


LaTeX Warning: Reference `lem:construction' on page 17 undefined on input line 
512.


LaTeX Warning: Reference `lem:KL' on page 17 undefined on input line 512.


LaTeX Warning: Reference `eq:KLbound1' on page 17 undefined on input line 517.


LaTeX Warning: Reference `eq:KLbound' on page 17 undefined on input line 521.


LaTeX Warning: Reference `lem:Tsybakov' on page 17 undefined on input line 525.



LaTeX Warning: Reference `eq:totalKL' on page 17 undefined on input line 525.


Overfull \hbox (29.73575pt too wide) detected at line 528
[] [] \U/msb/m/n/10.95 P [] \OMS/cmsy/m/n/10.95 ^^U [] [] \OML/cmm/m/it/10.95 :

 []


LaTeX Warning: Reference `eq:final' on page 17 undefined on input line 529.


LaTeX Warning: Reference `thm:completion' on page 17 undefined on input line 53
9.

[17]

LaTeX Warning: Reference `thm:rate' on page 18 undefined on input line 543.


Overfull \hbox (15.24304pt too wide) detected at line 546
\OMS/cmsy/m/n/10.95 L[]\OT1/cmr/m/n/10.95 (^^B) = \OMS/cmsy/m/n/10.95 L[]\OT1/c
mr/m/n/10.95 (^^B[]) + \OMS/cmsy/m/n/10.95 h[]\OT1/cmr/m/n/10.95 (\OMS/cmsy/m/n
/10.95 r[]L[]\OT1/cmr/m/n/10.95 )\OML/cmm/m/it/10.95 ;  []\OT1/cmr/m/n/10.95 (^
^B \OMS/cmsy/m/n/10.95 ^^@ \OT1/cmr/m/n/10.95 ^^B[])\OMS/cmsy/m/n/10.95 i \OT1/
cmr/m/n/10.95 + [] [](^^B \OMS/cmsy/m/n/10.95 ^^@ \OT1/cmr/m/n/10.95 ^^B[])[]\O
MS/cmsy/m/n/10.95 r[]L[]\OT1/cmr/m/n/10.95 ([]) [](^^B \OMS/cmsy/m/n/10.95 ^^@ 
\OT1/cmr/m/n/10.95 ^^B[])\OML/cmm/m/it/10.95 ;
 []


LaTeX Warning: Reference `eq:linear' on page 18 undefined on input line 553.


LaTeX Warning: Reference `eq:quadratic' on page 18 undefined on input line 553.



LaTeX Warning: Reference `eq:Taylor2' on page 18 undefined on input line 562.


LaTeX Warning: Reference `eq:quadratic2' on page 18 undefined on input line 562
.


LaTeX Warning: Reference `lem:Mnormbound' on page 18 undefined on input line 56
6.


LaTeX Warning: Reference `lem:convexity' on page 18 undefined on input line 566
.


LaTeX Warning: Reference `lem:convexity' on page 18 undefined on input line 567
.


LaTeX Warning: Reference `eq:sample' on page 18 undefined on input line 567.

[18]

LaTeX Warning: Reference `ass:link' on page 19 undefined on input line 585.


LaTeX Warning: Reference `eq:function' on page 19 undefined on input line 596.


LaTeX Warning: Reference `ass:link' on page 19 undefined on input line 606.


LaTeX Warning: Reference `lem:lossconvexity' on page 19 undefined on input line
 607.


Package natbib Warning: Citation `brascamp2002extensions' on page 19 undefined 
on input line 611.


Package natbib Warning: Citation `ghadermarzy2019near' on page 19 undefined on 
input line 626.


Package natbib Warning: Citation `lim2005singular' on page 19 undefined on inpu
t line 634.

[19]

Package natbib Warning: Citation `friedland2018nuclear' on page 20 undefined on
 input line 641.


Overfull \hbox (3.45584pt too wide) detected at line 648
\OMS/cmsy/m/n/10.95 k\OT1/cmr/m/n/10.95 ^^B\OMS/cmsy/m/n/10.95 k[] \OT1/cmr/m/n
/10.95 = [] [] \OML/cmm/m/it/10.95 ;
 []


Package natbib Warning: Citation `ghadermarzy2019near' on page 20 undefined on 
input line 654.


Package natbib Warning: Citation `wang2017operator' on page 20 undefined on inp
ut line 671.


Package natbib Warning: Citation `jiang2017tensor' on page 20 undefined on inpu
t line 671.


LaTeX Warning: Reference `eq:norminequality' on page 20 undefined on input line
 675.


Package natbib Warning: Citation `friedland2018nuclear' on page 20 undefined on
 input line 688.


Package natbib Warning: Citation `nguyen2015tensor' on page 20 undefined on inp
ut line 701.


Package natbib Warning: Citation `tomioka2014spectral' on page 20 undefined on 
input line 701.


Package natbib Warning: Citation `tomioka2014spectral' on page 20 undefined on 
input line 702.

[20]

LaTeX Warning: Reference `lem:tensor' on page 21 undefined on input line 732.

[21]

LaTeX Warning: Reference `eq:model' on page 22 undefined on input line 758.


LaTeX Warning: Reference `eq:model' on page 22 undefined on input line 767.


LaTeX Warning: Reference `lem:KLentry' on page 22 undefined on input line 771.


LaTeX Warning: Reference `eq:ass' on page 22 undefined on input line 781.


LaTeX Warning: Reference `eq:entrywise' on page 22 undefined on input line 781.



LaTeX Warning: Reference `thm:minimax' on page 22 undefined on input line 795.

[22]

LaTeX Warning: Reference `lem:VGbound' on page 23 undefined on input line 817.

[23]

Package natbib Warning: Citation `tsybakov2008introduction' on page 24 undefine
d on input line 840.

LaTeX Font Info:    Font shape `OMS/cmr/m/it' in size <10.95> not available
(Font)              Font shape `OMS/cmsy/m/n' tried instead on input line 843.

Package natbib Warning: Citation `ghadermarzy2019near' on page 24 undefined on 
input line 856.


Package natbib Warning: Citation `ge2017optimization' on page 24 undefined on i
nput line 869.


Package natbib Warning: Citation `chen2019non' on page 24 undefined on input li
ne 869.

[24] [25]

LaTeX Warning: Reference `thm:rate' on page 26 undefined on input line 886.


Overfull \hbox (5.14359pt too wide) detected at line 897
\OMS/cmsy/m/n/10.95 P \OT1/cmr/m/n/10.95 = \OMS/cmsy/m/n/10.95 f\OT1/cmr/m/n/10
.95 ^^B \OMS/cmsy/m/n/10.95 2 \U/msb/m/n/10.95 R[] [] [] []\OT1/cmr/m/n/10.95 (
\OMS/cmsy/m/n/10.95 P\OT1/cmr/m/n/10.95 ) \OMS/cmsy/m/n/10.95 ^^T \OML/cmm/b/it
/10.95 r\OML/cmm/m/it/10.95 ;  \OMS/cmsy/m/n/10.95 k\OT1/cmr/m/n/10.95 ^^B\OMS/
cmsy/m/n/10.95 k[] ^^T \OML/cmm/m/it/10.95 \OMS/cmsy/m/n/10.95 g\OML/cmm/m/it/
10.95 ;  \OMS/cmsy/m/n/10.95 B \OT1/cmr/m/n/10.95 = \OMS/cmsy/m/n/10.95 f\OML/c
mm/b/it/10.95 b \OMS/cmsy/m/n/10.95 2 \U/msb/m/n/10.95 R[] [] [] \OMS/cmsy/m/n/
10.95 k\OML/cmm/b/it/10.95 b\OMS/cmsy/m/n/10.95 k[] ^^T \OML/cmm/m/it/10.95 ^^L
;  []\OT1/cmr/m/n/10.95 (\OML/cmm/m/it/10.95 b[] \OMS/cmsy/m/n/10.95 ^^@ \OML/c
mm/m/it/10.95 b[]\OT1/cmr/m/n/10.95 ) \OMS/cmsy/m/n/10.95 ^^U \OT1/cmr/m/n/10.9
5 ^^A\OMS/cmsy/m/n/10.95 g\OML/cmm/m/it/10.95 :
 []


LaTeX Warning: Reference `eq:bound' on page 26 undefined on input line 910.

[26]

LaTeX Warning: Reference `thm:convexity' on page 27 undefined on input line 936
.


LaTeX Warning: Reference `ass:joint' on page 27 undefined on input line 936.


LaTeX Warning: Reference `eq:model' on page 27 undefined on input line 953.


LaTeX Warning: Reference `ass:joint' on page 27 undefined on input line 953.


LaTeX Warning: Reference `eq:joint' on page 27 undefined on input line 953.


Overfull \hbox (9.62321pt too wide) in paragraph at lines 953--954
[][]\OT1/cmr/bx/n/10.95 Theorem A.1 \OT1/cmr/m/n/10.95 (Sta-tis-ti-cal con-ver-
gence with un-known $\OML/cmm/b/it/10.95 b$\OT1/cmr/m/n/10.95 )\OT1/cmr/bx/n/10
.95 . []\OT1/cmr/m/it/10.95 Con-sider an or-di-nal ten-sor $\OMS/cmsy/m/n/10.95
 Y 2 \OT1/cmr/m/n/10.95 [\OML/cmm/m/it/10.95 L\OT1/cmr/m/n/10.95 ][]$
 []


LaTeX Warning: Reference `eq:UL' on page 27 undefined on input line 961.


LaTeX Warning: Reference `eq:CD' on page 27 undefined on input line 961.


LaTeX Warning: Reference `thm:ratejoint' on page 27 undefined on input line 972
.


LaTeX Warning: Reference `thm:rate' on page 27 undefined on input line 973.

[27]

LaTeX Warning: Reference `thm:rate' on page 28 undefined on input line 978.


LaTeX Warning: Reference `eq:level' on page 28 undefined on input line 978.


Overfull \hbox (23.19672pt too wide) in paragraph at lines 992--992
[] 
 []


LaTeX Warning: Reference `eq:taylorb' on page 28 undefined on input line 1001.


LaTeX Warning: Reference `lem:sharpergd' on page 28 undefined on input line 100
6.


LaTeX Warning: Reference `eq:taylorb' on page 28 undefined on input line 1010.

[28]

LaTeX Warning: Reference `eq:taylorb' on page 29 undefined on input line 1028.


LaTeX Warning: Reference `eq:linearb' on page 29 undefined on input line 1028.


LaTeX Warning: Reference `eq:quadraticb' on page 29 undefined on input line 102
8.

[29]

LaTeX Warning: Reference `thm:ratejoint' on page 30 undefined on input line 108
1.

[30]

LaTeX Warning: Reference `eq:sharpergd' on page 31 undefined on input line 1098
.


LaTeX Warning: Reference `eq:sharpergd' on page 31 undefined on input line 1098
.


LaTeX Warning: Reference `lem:clt' on page 31 undefined on input line 1103.


LaTeX Warning: Reference `eq:sharpergd' on page 31 undefined on input line 1111
.


LaTeX Warning: Reference `eq:A' on page 31 undefined on input line 1122.


LaTeX Warning: Reference `eq:B' on page 31 undefined on input line 1122.


LaTeX Warning: Reference `eq:sharpergd' on page 31 undefined on input line 1122
.

[31]

Package natbib Warning: Citation `kolda2009tensor' on page 32 undefined on inpu
t line 1143.


LaTeX Warning: Reference `eq:Tuckerest' on page 32 undefined on input line 1143
.


LaTeX Warning: Reference `figure:elbow' on page 32 undefined on input line 1150
.


LaTeX Warning: Reference `table:clustering' on page 32 undefined on input line 
1152.


LaTeX Warning: Reference `figure:brain image' on page 32 undefined on input lin
e 1152.


Package natbib Warning: Citation `stoeckel2009supramarginal' on page 32 undefin
ed on input line 1152.


LaTeX Warning: Reference `figure:brain image' on page 32 undefined on input lin
e 1152.


LaTeX Warning: Reference `figure:brain image' on page 32 undefined on input lin
e 1152.

[32]

LaTeX Warning: File `elbowm.pdf' not found on input line 1158.


./ordinalT_arxiv_v3.tex:1158: Package pdftex.def Error: File `elbowm.pdf' not f
ound.

See the pdftex.def package documentation for explanation.
Type  H <return>  for immediate help.
 ...                                              
                                                  
l.1158 ...raphics[width=0.4\textwidth]{elbowm.pdf}
                                                  
? 
pdfTeX warning (ext4): destination with the same identifier (name{figure.1}) ha
s been already used, duplicate ignored
<to be read again> 
                   \relax 
l.1160  \caption
                {Elbow plot for determining the number of clusters in $K$-me...
pdfTeX warning (ext4): destination with the same identifier (name{figure.1}) ha
s been already used, duplicate ignored
<to be read again> 
                   \relax 
l.1160 ...ng the number of clusters in $K$-means.}
                                                  \label{figure:elbow}
<clustnode8.pdf, id=265, 794.97pt x 614.295pt>
File: clustnode8.pdf Graphic file (type pdf)
 <use clustnode8.pdf>
Package pdftex.def Info: clustnode8.pdf used on input line 1166.
(pdftex.def)             Requested size: 211.38832pt x 163.34042pt.

<clustedge8.pdf, id=266, 794.97pt x 614.295pt>
File: clustedge8.pdf Graphic file (type pdf)
 <use clustedge8.pdf>
Package pdftex.def Info: clustedge8.pdf used on input line 1167.
(pdftex.def)             Requested size: 211.38832pt x 163.34042pt.

<clustnode11.pdf, id=267, 794.97pt x 614.295pt>
File: clustnode11.pdf Graphic file (type pdf)
 <use clustnode11.pdf>
Package pdftex.def Info: clustnode11.pdf used on input line 1168.
(pdftex.def)             Requested size: 211.38832pt x 163.34042pt.

<clustedge11.pdf, id=268, 794.97pt x 614.295pt>
File: clustedge11.pdf Graphic file (type pdf)
 <use clustedge11.pdf>
Package pdftex.def Info: clustedge11.pdf used on input line 1169.
(pdftex.def)             Requested size: 211.38832pt x 163.34042pt.

<clustnode13.pdf, id=269, 794.97pt x 614.295pt>
File: clustnode13.pdf Graphic file (type pdf)
 <use clustnode13.pdf>
Package pdftex.def Info: clustnode13.pdf used on input line 1170.
(pdftex.def)             Requested size: 211.38832pt x 163.34042pt.

<clustedge13.pdf, id=270, 794.97pt x 614.295pt>
File: clustedge13.pdf Graphic file (type pdf)
 <use clustedge13.pdf>
Package pdftex.def Info: clustedge13.pdf used on input line 1171.
(pdftex.def)             Requested size: 211.38832pt x 163.34042pt.
pdfTeX warning (ext4): destination with the same identifier (name{figure.2}) ha
s been already used, duplicate ignored
<to be read again> 
                   \relax 
l.1172   \caption
                 {Cluster image of brain nodes when the number of clusters i...
pdfTeX warning (ext4): destination with the same identifier (name{figure.2}) ha
s been already used, duplicate ignored
<to be read again> 
                   \relax 
l.1173 ...ngth level averaged across individuals.}
                                                    \label{figure:brain image}p
dfTeX warning (ext4): destination with the same identifier (name{figure.2}) has
 been already used, duplicate ignored
<to be read again> 
                   \relax 
l.1173 ...ngth level averaged across individuals.}
                                                    \label{figure:brain image}
[33]pdfTeX warning (ext4): destination with the same identifier (name{table.1})
 has been already used, duplicate ignored
<to be read again> 
                   \relax 
l.1219 \caption
               {Clustering result of brain nodes. The first alphabet in the ...
pdfTeX warning (ext4): destination with the same identifier (name{table.1}) has
 been already used, duplicate ignored
<to be read again> 
                   \relax 
l.1219 ...icates the node count in each cluster. }
                                                    \label{table:clustering}pdf
TeX warning (ext4): destination with the same identifier (name{table.1}) has be
en already used, duplicate ignored
<to be read again> 
                   \relax 
l.1219 ...icates the node count in each cluster. }
                                                    \label{table:clustering}
[34 <./clustnode8.pdf, page is rotated 90 degrees> <./clustedge8.pdf, page is r
otated 90 degrees> <./clustnode11.pdf, page is rotated 90 degrees> <./clustedge
11.pdf, page is rotated 90 degrees> <./clustnode13.pdf, page is rotated 90 degr
ees> <./clustedge13.pdf, page is rotated 90 degrees>]
No file ordinalT_arxiv_v3.bbl.

Package natbib Warning: There were undefined citations.

Package atveryend Info: Empty hook `BeforeClearDocument' on input line 1226.
[35]
Package atveryend Info: Empty hook `AfterLastShipout' on input line 1226.
 (./ordinalT_arxiv_v3.aux)
Package atveryend Info: Executing hook `AtVeryEndDocument' on input line 1226.
Package atveryend Info: Executing hook `AtEndAfterFileList' on input line 1226.



Package rerunfilecheck Warning: File `ordinalT_arxiv_v3.out' has changed.
(rerunfilecheck)                Rerun to get outlines right
(rerunfilecheck)                or use package `bookmark'.

Package rerunfilecheck Info: Checksums for `ordinalT_arxiv_v3.out':
(rerunfilecheck)             Before: <no file>
(rerunfilecheck)             After:  032279BA784143739C0DA9FF5D597075;1772.

LaTeX Warning: There were undefined references.


LaTeX Warning: Label(s) may have changed. Rerun to get cross-references right.

Package atveryend Info: Empty hook `AtVeryVeryEnd' on input line 1226.
 ) 
Here is how much of TeX's memory you used:
 9150 strings out of 493014
 128131 string characters out of 6133351
 237125 words of memory out of 5000000
 12351 multiletter control sequences out of 15000+600000
 25836 words of font info for 100 fonts, out of 8000000 for 9000
 1141 hyphenation exceptions out of 8191
 40i,20n,32p,1789b,611s stack positions out of 5000i,500n,10000p,200000b,80000s
</usr/local/texlive/2016/texmf-dist/fonts/type1/public/amsfonts/cm/cmbx10.pfb
></usr/local/texlive/2016/texmf-dist/fonts/type1/public/amsfonts/cm/cmbx12.pfb>
</usr/local/texlive/2016/texmf-dist/fonts/type1/public/amsfonts/cm/cmbx8.pfb></
usr/local/texlive/2016/texmf-dist/fonts/type1/public/amsfonts/cm/cmcsc10.pfb></
usr/local/texlive/2016/texmf-dist/fonts/type1/public/amsfonts/cm/cmex10.pfb></u
sr/local/texlive/2016/texmf-dist/fonts/type1/public/amsfonts/cmextra/cmex8.pfb>
</usr/local/texlive/2016/texmf-dist/fonts/type1/public/amsfonts/cm/cmmi10.pfb><
/usr/local/texlive/2016/texmf-dist/fonts/type1/public/amsfonts/cm/cmmi6.pfb></u
sr/local/texlive/2016/texmf-dist/fonts/type1/public/amsfonts/cm/cmmi8.pfb></usr
/local/texlive/2016/texmf-dist/fonts/type1/public/amsfonts/cm/cmmib10.pfb></usr
/local/texlive/2016/texmf-dist/fonts/type1/public/amsfonts/cmextra/cmmib8.pfb><
/usr/local/texlive/2016/texmf-dist/fonts/type1/public/amsfonts/cm/cmr10.pfb></u
sr/local/texlive/2016/texmf-dist/fonts/type1/public/amsfonts/cm/cmr12.pfb></usr
/local/texlive/2016/texmf-dist/fonts/type1/public/amsfonts/cm/cmr17.pfb></usr/l
ocal/texlive/2016/texmf-dist/fonts/type1/public/amsfonts/cm/cmr6.pfb></usr/loca
l/texlive/2016/texmf-dist/fonts/type1/public/amsfonts/cm/cmr8.pfb></usr/local/t
exlive/2016/texmf-dist/fonts/type1/public/amsfonts/cm/cmsy10.pfb></usr/local/te
xlive/2016/texmf-dist/fonts/type1/public/amsfonts/cm/cmsy6.pfb></usr/local/texl
ive/2016/texmf-dist/fonts/type1/public/amsfonts/cm/cmsy8.pfb></usr/local/texliv
e/2016/texmf-dist/fonts/type1/public/amsfonts/cm/cmti10.pfb></usr/local/texlive
/2016/texmf-dist/fonts/type1/public/amsfonts/cm/cmti7.pfb></usr/local/texlive/2
016/texmf-dist/fonts/type1/public/amsfonts/cm/cmti8.pfb></usr/local/texlive/201
6/texmf-dist/fonts/type1/public/amsfonts/cm/cmtt10.pfb></usr/local/texlive/2016
/texmf-dist/fonts/type1/public/amsfonts/cm/cmtt12.pfb></usr/local/texlive/2016/
texmf-dist/fonts/type1/public/doublestroke/dsrom10.pfb></usr/local/texlive/2016
/texmf-dist/fonts/type1/public/amsfonts/symbols/msbm10.pfb></usr/local/texlive/
2016/texmf-dist/fonts/type1/public/stmaryrd/stmary10.pfb></usr/local/texlive/20
16/texmf-dist/fonts/type1/urw/zapfding/uzdr.pfb>
Output written on ordinalT_arxiv_v3.pdf (35 pages, 11031889 bytes).
PDF statistics:
 450 PDF objects out of 1000 (max. 8388607)
 357 compressed objects within 4 object streams
 135 named destinations out of 1000 (max. 500000)
 31 words of extra memory for PDF output out of 10000 (max. 10000000)

