This is pdfTeX, Version 3.14159265-2.6-1.40.17 (TeX Live 2016) (preloaded format=pdflatex 2016.5.22)  11 FEB 2020 14:43
entering extended mode
 restricted \write18 enabled.
 file:line:error style messages enabled.
 %&-line parsing enabled.
**ordinalT_supp_v3.tex
(./ordinalT_supp_v3.tex
LaTeX2e <2016/03/31>
Babel <3.9r> and hyphenation patterns for 83 language(s) loaded.
(/usr/local/texlive/2016/texmf-dist/tex/latex/base/article.cls
Document Class: article 2014/09/29 v1.4h Standard LaTeX document class
(/usr/local/texlive/2016/texmf-dist/tex/latex/base/size11.clo
File: size11.clo 2014/09/29 v1.4h Standard LaTeX file (size option)
)
\c@part=\count79
\c@section=\count80
\c@subsection=\count81
\c@subsubsection=\count82
\c@paragraph=\count83
\c@subparagraph=\count84
\c@figure=\count85
\c@table=\count86
\abovecaptionskip=\skip41
\belowcaptionskip=\skip42
\bibindent=\dimen102
)
(/usr/local/texlive/2016/texmf-dist/tex/latex/fancybox/fancybox.sty
Package: fancybox 2010/05/15 1.4

Style option: `fancybox' v1.4 <2010/05/15> (tvz)
\@fancybox=\box26
\shadowsize=\dimen103
\@Sbox=\box27
\do@VerbBox=\toks14
\the@fancyput=\toks15
\this@fancyput=\toks16
\EndVerbatimTokens=\toks17
\Verbatim@Outfile=\write3
\Verbatim@Infile=\read1
) (/usr/local/texlive/2016/texmf-dist/tex/latex/graphics/color.sty
Package: color 2016/05/09 v1.1c Standard LaTeX Color (DPC)

(/usr/local/texlive/2016/texmf-dist/tex/latex/graphics-cfg/color.cfg
File: color.cfg 2016/01/02 v1.6 sample color configuration
)
Package color Info: Driver file: pdftex.def on input line 144.

(/usr/local/texlive/2016/texmf-dist/tex/latex/pdftex-def/pdftex.def
File: pdftex.def 2011/05/27 v0.06d Graphics/color for pdfTeX

(/usr/local/texlive/2016/texmf-dist/tex/generic/oberdiek/infwarerr.sty
Package: infwarerr 2016/05/16 v1.4 Providing info/warning/error messages (HO)
)
(/usr/local/texlive/2016/texmf-dist/tex/generic/oberdiek/ltxcmds.sty
Package: ltxcmds 2016/05/16 v1.23 LaTeX kernel commands for general use (HO)
)
\Gread@gobject=\count87
))
(/usr/local/texlive/2016/texmf-dist/tex/latex/url/url.sty
\Urlmuskip=\muskip10
Package: url 2013/09/16  ver 3.4  Verb mode for urls, etc.
)
(/usr/local/texlive/2016/texmf-dist/tex/latex/geometry/geometry.sty
Package: geometry 2010/09/12 v5.6 Page Geometry

(/usr/local/texlive/2016/texmf-dist/tex/latex/graphics/keyval.sty
Package: keyval 2014/10/28 v1.15 key=value parser (DPC)
\KV@toks@=\toks18
)
(/usr/local/texlive/2016/texmf-dist/tex/generic/oberdiek/ifpdf.sty
Package: ifpdf 2016/05/14 v3.1 Provides the ifpdf switch
)
(/usr/local/texlive/2016/texmf-dist/tex/generic/oberdiek/ifvtex.sty
Package: ifvtex 2016/05/16 v1.6 Detect VTeX and its facilities (HO)
Package ifvtex Info: VTeX not detected.
)
(/usr/local/texlive/2016/texmf-dist/tex/generic/ifxetex/ifxetex.sty
Package: ifxetex 2010/09/12 v0.6 Provides ifxetex conditional
)
\Gm@cnth=\count88
\Gm@cntv=\count89
\c@Gm@tempcnt=\count90
\Gm@bindingoffset=\dimen104
\Gm@wd@mp=\dimen105
\Gm@odd@mp=\dimen106
\Gm@even@mp=\dimen107
\Gm@layoutwidth=\dimen108
\Gm@layoutheight=\dimen109
\Gm@layouthoffset=\dimen110
\Gm@layoutvoffset=\dimen111
\Gm@dimlist=\toks19
)
(/usr/local/texlive/2016/texmf-dist/tex/latex/comment/comment.sty
\CommentStream=\write4

Excluding comment 'comment')
(/usr/local/texlive/2016/texmf-dist/tex/latex/amsmath/amsmath.sty
Package: amsmath 2016/03/10 v2.15b AMS math features
\@mathmargin=\skip43

For additional information on amsmath, use the `?' option.
(/usr/local/texlive/2016/texmf-dist/tex/latex/amsmath/amstext.sty
Package: amstext 2000/06/29 v2.01 AMS text

(/usr/local/texlive/2016/texmf-dist/tex/latex/amsmath/amsgen.sty
File: amsgen.sty 1999/11/30 v2.0 generic functions
\@emptytoks=\toks20
\ex@=\dimen112
))
(/usr/local/texlive/2016/texmf-dist/tex/latex/amsmath/amsbsy.sty
Package: amsbsy 1999/11/29 v1.2d Bold Symbols
\pmbraise@=\dimen113
)
(/usr/local/texlive/2016/texmf-dist/tex/latex/amsmath/amsopn.sty
Package: amsopn 2016/03/08 v2.02 operator names
)
\inf@bad=\count91
LaTeX Info: Redefining \frac on input line 199.
\uproot@=\count92
\leftroot@=\count93
LaTeX Info: Redefining \overline on input line 297.
\classnum@=\count94
\DOTSCASE@=\count95
LaTeX Info: Redefining \ldots on input line 394.
LaTeX Info: Redefining \dots on input line 397.
LaTeX Info: Redefining \cdots on input line 518.
\Mathstrutbox@=\box28
\strutbox@=\box29
\big@size=\dimen114
LaTeX Font Info:    Redeclaring font encoding OML on input line 634.
LaTeX Font Info:    Redeclaring font encoding OMS on input line 635.
\macc@depth=\count96
\c@MaxMatrixCols=\count97
\dotsspace@=\muskip11
\c@parentequation=\count98
\dspbrk@lvl=\count99
\tag@help=\toks21
\row@=\count100
\column@=\count101
\maxfields@=\count102
\andhelp@=\toks22
\eqnshift@=\dimen115
\alignsep@=\dimen116
\tagshift@=\dimen117
\tagwidth@=\dimen118
\totwidth@=\dimen119
\lineht@=\dimen120
\@envbody=\toks23
\multlinegap=\skip44
\multlinetaggap=\skip45
\mathdisplay@stack=\toks24
LaTeX Info: Redefining \[ on input line 2739.
LaTeX Info: Redefining \] on input line 2740.
)
(/usr/local/texlive/2016/texmf-dist/tex/latex/amsfonts/amssymb.sty
Package: amssymb 2013/01/14 v3.01 AMS font symbols

(/usr/local/texlive/2016/texmf-dist/tex/latex/amsfonts/amsfonts.sty
Package: amsfonts 2013/01/14 v3.01 Basic AMSFonts support
\symAMSa=\mathgroup4
\symAMSb=\mathgroup5
LaTeX Font Info:    Overwriting math alphabet `\mathfrak' in version `bold'
(Font)                  U/euf/m/n --> U/euf/b/n on input line 106.
))
(/usr/local/texlive/2016/texmf-dist/tex/latex/amscls/amsthm.sty
Package: amsthm 2015/03/04 v2.20.2
\thm@style=\toks25
\thm@bodyfont=\toks26
\thm@headfont=\toks27
\thm@notefont=\toks28
\thm@headpunct=\toks29
\thm@preskip=\skip46
\thm@postskip=\skip47
\thm@headsep=\skip48
\dth@everypar=\toks30
)
(/usr/local/texlive/2016/texmf-dist/tex/latex/tools/bm.sty
Package: bm 2016/02/27 v1.2a Bold Symbol Support (DPC/FMi)
\symboldoperators=\mathgroup6
\symboldletters=\mathgroup7
\symboldsymbols=\mathgroup8
LaTeX Font Info:    Redeclaring math alphabet \mathbf on input line 142.
LaTeX Info: Redefining \bm on input line 208.
)
(/usr/local/texlive/2016/texmf-dist/tex/latex/mathtools/mathtools.sty
Package: mathtools 2015/11/12 v1.18 mathematical typesetting tools

(/usr/local/texlive/2016/texmf-dist/tex/latex/tools/calc.sty
Package: calc 2014/10/28 v4.3 Infix arithmetic (KKT,FJ)
\calc@Acount=\count103
\calc@Bcount=\count104
\calc@Adimen=\dimen121
\calc@Bdimen=\dimen122
\calc@Askip=\skip49
\calc@Bskip=\skip50
LaTeX Info: Redefining \setlength on input line 80.
LaTeX Info: Redefining \addtolength on input line 81.
\calc@Ccount=\count105
\calc@Cskip=\skip51
)
(/usr/local/texlive/2016/texmf-dist/tex/latex/mathtools/mhsetup.sty
Package: mhsetup 2010/01/21 v1.2a programming setup (MH)
)
LaTeX Info: Thecontrolsequence`\('isalreadyrobust on input line 129.
LaTeX Info: Thecontrolsequence`\)'isalreadyrobust on input line 129.
LaTeX Info: Thecontrolsequence`\['isalreadyrobust on input line 129.
LaTeX Info: Thecontrolsequence`\]'isalreadyrobust on input line 129.
\g_MT_multlinerow_int=\count106
\l_MT_multwidth_dim=\dimen123
\origjot=\skip52
\l_MT_shortvdotswithinadjustabove_dim=\dimen124
\l_MT_shortvdotswithinadjustbelow_dim=\dimen125
\l_MT_above_intertext_sep=\dimen126
\l_MT_below_intertext_sep=\dimen127
\l_MT_above_shortintertext_sep=\dimen128
\l_MT_below_shortintertext_sep=\dimen129
)
(/usr/local/texlive/2016/texmf-dist/tex/latex/multirow/multirow.sty
\bigstrutjot=\dimen130
)
(/usr/local/texlive/2016/texmf-dist/tex/latex/natbib/natbib.sty
Package: natbib 2010/09/13 8.31b (PWD, AO)
\bibhang=\skip53
\bibsep=\skip54
LaTeX Info: Redefining \cite on input line 694.
\c@NAT@ctr=\count107
)
(/usr/local/texlive/2016/texmf-dist/tex/latex/doublestroke/dsfont.sty
Package: dsfont 1995/08/01 v0.1 Double stroke roman fonts
)
(/usr/local/texlive/2016/texmf-dist/tex/latex/hyperref/hyperref.sty
Package: hyperref 2016/05/05 v6.83n Hypertext links for LaTeX

(/usr/local/texlive/2016/texmf-dist/tex/generic/oberdiek/hobsub-hyperref.sty
Package: hobsub-hyperref 2016/05/16 v1.14 Bundle oberdiek, subset hyperref (HO)


(/usr/local/texlive/2016/texmf-dist/tex/generic/oberdiek/hobsub-generic.sty
Package: hobsub-generic 2016/05/16 v1.14 Bundle oberdiek, subset generic (HO)
Package: hobsub 2016/05/16 v1.14 Construct package bundles (HO)
Package hobsub Info: Skipping package `infwarerr' (already loaded).
Package hobsub Info: Skipping package `ltxcmds' (already loaded).
Package: ifluatex 2016/05/16 v1.4 Provides the ifluatex switch (HO)
Package ifluatex Info: LuaTeX not detected.
Package hobsub Info: Skipping package `ifvtex' (already loaded).
Package: intcalc 2016/05/16 v1.2 Expandable calculations with integers (HO)
Package hobsub Info: Skipping package `ifpdf' (already loaded).
Package: etexcmds 2016/05/16 v1.6 Avoid name clashes with e-TeX commands (HO)
Package etexcmds Info: Could not find \expanded.
(etexcmds)             That can mean that you are not using pdfTeX 1.50 or
(etexcmds)             that some package has redefined \expanded.
(etexcmds)             In the latter case, load this package earlier.
Package: kvsetkeys 2016/05/16 v1.17 Key value parser (HO)
Package: kvdefinekeys 2016/05/16 v1.4 Define keys (HO)
Package: pdftexcmds 2016/05/10 v0.21 Utility functions of pdfTeX for LuaTeX (HO
)
Package pdftexcmds Info: LuaTeX not detected.
Package pdftexcmds Info: \pdf@primitive is available.
Package pdftexcmds Info: \pdf@ifprimitive is available.
Package pdftexcmds Info: \pdfdraftmode found.
Package: pdfescape 2016/05/16 v1.14 Implements pdfTeX's escape features (HO)
Package: bigintcalc 2016/05/16 v1.4 Expandable calculations on big integers (HO
)
Package: bitset 2016/05/16 v1.2 Handle bit-vector datatype (HO)
Package: uniquecounter 2016/05/16 v1.3 Provide unlimited unique counter (HO)
)
Package hobsub Info: Skipping package `hobsub' (already loaded).
Package: letltxmacro 2016/05/16 v1.5 Let assignment for LaTeX macros (HO)
Package: hopatch 2016/05/16 v1.3 Wrapper for package hooks (HO)
Package: xcolor-patch 2016/05/16 xcolor patch
Package: atveryend 2016/05/16 v1.9 Hooks at the very end of document (HO)
Package atveryend Info: \enddocument detected (standard20110627).
Package: atbegshi 2016/05/16 v1.17 At begin shipout hook (HO)
Package: refcount 2016/05/16 v3.5 Data extraction from label references (HO)
Package: hycolor 2016/05/16 v1.8 Color options for hyperref/bookmark (HO)
)
(/usr/local/texlive/2016/texmf-dist/tex/latex/oberdiek/auxhook.sty
Package: auxhook 2016/05/16 v1.4 Hooks for auxiliary files (HO)
)
(/usr/local/texlive/2016/texmf-dist/tex/latex/oberdiek/kvoptions.sty
Package: kvoptions 2016/05/16 v3.12 Key value format for package options (HO)
)
\@linkdim=\dimen131
\Hy@linkcounter=\count108
\Hy@pagecounter=\count109

(/usr/local/texlive/2016/texmf-dist/tex/latex/hyperref/pd1enc.def
File: pd1enc.def 2016/05/05 v6.83n Hyperref: PDFDocEncoding definition (HO)
)
\Hy@SavedSpaceFactor=\count110

(/usr/local/texlive/2016/texmf-dist/tex/latex/latexconfig/hyperref.cfg
File: hyperref.cfg 2002/06/06 v1.2 hyperref configuration of TeXLive
)
Package hyperref Info: Hyper figures OFF on input line 4446.
Package hyperref Info: Link nesting OFF on input line 4451.
Package hyperref Info: Hyper index ON on input line 4454.
Package hyperref Info: Plain pages OFF on input line 4461.
Package hyperref Info: Backreferencing OFF on input line 4466.
Package hyperref Info: Implicit mode ON; LaTeX internals redefined.
Package hyperref Info: Bookmarks ON on input line 4691.
\c@Hy@tempcnt=\count111
LaTeX Info: Redefining \url on input line 5044.
\XeTeXLinkMargin=\dimen132
\Fld@menulength=\count112
\Field@Width=\dimen133
\Fld@charsize=\dimen134
Package hyperref Info: Hyper figures OFF on input line 6298.
Package hyperref Info: Link nesting OFF on input line 6303.
Package hyperref Info: Hyper index ON on input line 6306.
Package hyperref Info: backreferencing OFF on input line 6313.
Package hyperref Info: Link coloring OFF on input line 6318.
Package hyperref Info: Link coloring with OCG OFF on input line 6323.
Package hyperref Info: PDF/A mode OFF on input line 6328.
LaTeX Info: Redefining \ref on input line 6368.
LaTeX Info: Redefining \pageref on input line 6372.
\Hy@abspage=\count113
\c@Item=\count114
\c@Hfootnote=\count115
)

Package hyperref Message: Driver (autodetected): hpdftex.

(/usr/local/texlive/2016/texmf-dist/tex/latex/hyperref/hpdftex.def
File: hpdftex.def 2016/05/05 v6.83n Hyperref driver for pdfTeX
\Fld@listcount=\count116
\c@bookmark@seq@number=\count117

(/usr/local/texlive/2016/texmf-dist/tex/latex/oberdiek/rerunfilecheck.sty
Package: rerunfilecheck 2016/05/16 v1.8 Rerun checks for auxiliary files (HO)
Package uniquecounter Info: New unique counter `rerunfilecheck' on input line 2
82.
)
\Hy@SectionHShift=\skip55
)
(/usr/local/texlive/2016/texmf-dist/tex/latex/setspace/setspace.sty
Package: setspace 2011/12/19 v6.7a set line spacing
)
(/usr/local/texlive/2016/texmf-dist/tex/latex/tools/enumerate.sty
Package: enumerate 2015/07/23 v3.00 enumerate extensions (DPC)
\@enLab=\toks31
)
Package hyperref Info: Option `colorlinks' set `true' on input line 24.

(/usr/local/texlive/2016/texmf-dist/tex/latex/algorithmicx/algpseudocode.sty
Package: algpseudocode 

(/usr/local/texlive/2016/texmf-dist/tex/latex/base/ifthen.sty
Package: ifthen 2014/09/29 v1.1c Standard LaTeX ifthen package (DPC)
)
(/usr/local/texlive/2016/texmf-dist/tex/latex/algorithmicx/algorithmicx.sty
Package: algorithmicx 2005/04/27 v1.2 Algorithmicx

Document Style algorithmicx 1.2 - a greatly improved `algorithmic' style
\c@ALG@line=\count118
\c@ALG@rem=\count119
\c@ALG@nested=\count120
\ALG@tlm=\skip56
\ALG@thistlm=\skip57
\c@ALG@Lnr=\count121
\c@ALG@blocknr=\count122
\c@ALG@storecount=\count123
\c@ALG@tmpcounter=\count124
\ALG@tmplength=\skip58
)
Document Style - pseudocode environments for use with the `algorithmicx' style
) (./algorithm.sty
Package: algorithm 

Document Style `algorithm' - floating environment
(/usr/local/texlive/2016/texmf-dist/tex/latex/float/float.sty
Package: float 2001/11/08 v1.3d Float enhancements (AL)
\c@float@type=\count125
\float@exts=\toks32
\float@box=\box30
\@float@everytoks=\toks33
\@floatcapt=\box31
)
\@float@every@algorithm=\toks34
\c@algorithm=\count126
)
\c@thm=\count127
\c@lem=\count128
\c@prop=\count129
\c@pro=\count130
\c@assumption=\count131
\c@defn=\count132
\c@cor=\count133
\c@example=\count134
\c@rmk=\count135

(/usr/local/texlive/2016/texmf-dist/tex/latex/wrapfig/wrapfig.sty
\wrapoverhang=\dimen135
\WF@size=\dimen136
\c@WF@wrappedlines=\count136
\WF@box=\box32
\WF@everypar=\toks35
Package: wrapfig 2003/01/31  v 3.6
)
(/usr/local/texlive/2016/texmf-dist/tex/latex/tools/xr.sty
Package: xr 1994/05/28 v5.02 eXternal References (DPC)
)
Package xr Info: IMPORTING LABELS FROM ordinalTv3.aux on input line 82.
 (./macros.tex
(/usr/local/texlive/2016/texmf-dist/tex/latex/stmaryrd/stmaryrd.sty
Package: stmaryrd 1994/03/03 St Mary's Road symbol package
\symstmry=\mathgroup9
LaTeX Font Info:    Overwriting symbol font `stmry' in version `bold'
(Font)                  U/stmry/m/n --> U/stmry/b/n on input line 89.
))
(./ordinalT_supp_v3.aux

LaTeX Warning: Label `eq:property' multiply defined.

)
\openout1 = `ordinalT_supp_v3.aux'.

LaTeX Font Info:    Checking defaults for OML/cmm/m/it on input line 102.
LaTeX Font Info:    ... okay on input line 102.
LaTeX Font Info:    Checking defaults for T1/cmr/m/n on input line 102.
LaTeX Font Info:    ... okay on input line 102.
LaTeX Font Info:    Checking defaults for OT1/cmr/m/n on input line 102.
LaTeX Font Info:    ... okay on input line 102.
LaTeX Font Info:    Checking defaults for OMS/cmsy/m/n on input line 102.
LaTeX Font Info:    ... okay on input line 102.
LaTeX Font Info:    Checking defaults for OMX/cmex/m/n on input line 102.
LaTeX Font Info:    ... okay on input line 102.
LaTeX Font Info:    Checking defaults for U/cmr/m/n on input line 102.
LaTeX Font Info:    ... okay on input line 102.
LaTeX Font Info:    Checking defaults for PD1/pdf/m/n on input line 102.
LaTeX Font Info:    ... okay on input line 102.
 (/usr/local/texlive/2016/texmf-dist/tex/context/base/mkii/supp-pdf.mkii
[Loading MPS to PDF converter (version 2006.09.02).]
\scratchcounter=\count137
\scratchdimen=\dimen137
\scratchbox=\box33
\nofMPsegments=\count138
\nofMParguments=\count139
\everyMPshowfont=\toks36
\MPscratchCnt=\count140
\MPscratchDim=\dimen138
\MPnumerator=\count141
\makeMPintoPDFobject=\count142
\everyMPtoPDFconversion=\toks37
)
*geometry* driver: auto-detecting
*geometry* detected driver: pdftex
*geometry* verbose mode - [ preamble ] result:
* driver: pdftex
* paper: <default>
* layout: <same size as paper>
* layoutoffset:(h,v)=(0.0pt,0.0pt)
* modes: 
* h-part:(L,W,R)=(72.26999pt, 469.75502pt, 72.26999pt)
* v-part:(T,H,B)=(72.26999pt, 650.43001pt, 72.26999pt)
* \paperwidth=614.295pt
* \paperheight=794.96999pt
* \textwidth=469.75502pt
* \textheight=650.43001pt
* \oddsidemargin=0.0pt
* \evensidemargin=0.0pt
* \topmargin=-37.0pt
* \headheight=12.0pt
* \headsep=25.0pt
* \topskip=11.0pt
* \footskip=30.0pt
* \marginparwidth=59.0pt
* \marginparsep=10.0pt
* \columnsep=10.0pt
* \skip\footins=10.0pt plus 4.0pt minus 2.0pt
* \hoffset=0.0pt
* \voffset=0.0pt
* \mag=1000
* \@twocolumnfalse
* \@twosidefalse
* \@mparswitchfalse
* \@reversemarginfalse
* (1in=72.27pt=25.4mm, 1cm=28.453pt)

(/usr/local/texlive/2016/texmf-dist/tex/latex/graphics/graphicx.sty
Package: graphicx 2014/10/28 v1.0g Enhanced LaTeX Graphics (DPC,SPQR)

(/usr/local/texlive/2016/texmf-dist/tex/latex/graphics/graphics.sty
Package: graphics 2016/05/09 v1.0r Standard LaTeX Graphics (DPC,SPQR)

(/usr/local/texlive/2016/texmf-dist/tex/latex/graphics/trig.sty
Package: trig 2016/01/03 v1.10 sin cos tan (DPC)
)
(/usr/local/texlive/2016/texmf-dist/tex/latex/graphics-cfg/graphics.cfg
File: graphics.cfg 2016/01/02 v1.10 sample graphics configuration
)
Package graphics Info: Driver file: pdftex.def on input line 96.
)
(/usr/local/texlive/2016/texmf-dist/tex/latex/oberdiek/epstopdf-base.sty
Package: epstopdf-base 2016/05/15 v2.6 Base part for package epstopdf

(/usr/local/texlive/2016/texmf-dist/tex/latex/oberdiek/grfext.sty
Package: grfext 2016/05/16 v1.2 Manage graphics extensions (HO)
)
Package grfext Info: Graphics extension search list:
(grfext)             [.png,.pdf,.jpg,.mps,.jpeg,.jbig2,.jb2,.PNG,.PDF,.JPG,.JPE
G,.JBIG2,.JB2,.eps]
(grfext)             \AppendGraphicsExtensions on input line 456.

(/usr/local/texlive/2016/texmf-dist/tex/latex/latexconfig/epstopdf-sys.cfg
File: epstopdf-sys.cfg 2010/07/13 v1.3 Configuration of (r)epstopdf for TeX Liv
e
))
\Gin@req@height=\dimen139
\Gin@req@width=\dimen140
)
\AtBeginShipoutBox=\box34
Package hyperref Info: Link coloring ON on input line 102.

(/usr/local/texlive/2016/texmf-dist/tex/latex/hyperref/nameref.sty
Package: nameref 2012/10/27 v2.43 Cross-referencing by name of section

(/usr/local/texlive/2016/texmf-dist/tex/generic/oberdiek/gettitlestring.sty
Package: gettitlestring 2016/05/16 v1.5 Cleanup title references (HO)
)
\c@section@level=\count143
)
LaTeX Info: Redefining \ref on input line 102.
LaTeX Info: Redefining \pageref on input line 102.
LaTeX Info: Redefining \nameref on input line 102.

(./ordinalT_supp_v3.out) (./ordinalT_supp_v3.out)
\@outlinefile=\write5
\openout5 = `ordinalT_supp_v3.out'.



LaTeX Warning: Reference `thm:rate' on page 1 undefined on input line 113.

LaTeX Font Info:    Try loading font information for U+msa on input line 114.
(/usr/local/texlive/2016/texmf-dist/tex/latex/amsfonts/umsa.fd
File: umsa.fd 2013/01/14 v3.01 AMS symbols A
)
LaTeX Font Info:    Try loading font information for U+msb on input line 114.

(/usr/local/texlive/2016/texmf-dist/tex/latex/amsfonts/umsb.fd
File: umsb.fd 2013/01/14 v3.01 AMS symbols B
)
LaTeX Font Info:    Try loading font information for U+stmry on input line 114.


(/usr/local/texlive/2016/texmf-dist/tex/latex/stmaryrd/Ustmry.fd)

Package amsmath Warning: Foreign command \over;
(amsmath)                \frac or \genfrac should be used instead
(amsmath)                 on input line 120.

LaTeX Font Info:    Try loading font information for U+dsrom on input line 120.

(/usr/local/texlive/2016/texmf-dist/tex/latex/doublestroke/Udsrom.fd
File: Udsrom.fd 1995/08/01 v0.1 Double stroke roman font definitions
) [1

{/usr/local/texlive/2016/texmf-var/fonts/map/pdftex/updmap/pdftex.map}]
Overfull \hbox (0.63145pt too wide) in paragraph at lines 164--165
[]\OT1/cmr/m/n/10.95 Combining [][], [][] and [][], we have that, for all $^^B 
\OMS/cmsy/m/n/10.95 2 P$\OT1/cmr/m/n/10.95 , with prob-a-bil-ity at least $1 \O
MS/cmsy/m/n/10.95 ^^@ []\OT1/cmr/m/n/10.95 (\OMS/cmsy/m/n/10.95 ^^@\OML/cmm/m/i
t/10.95 C[] [][] d[]\OT1/cmr/m/n/10.95 )$, 
 []


LaTeX Warning: Reference `cor:prediction' on page 2 undefined on input line 183
.


LaTeX Warning: Reference `thm:rate' on page 2 undefined on input line 184.


LaTeX Warning: Reference `thm:minimax' on page 2 undefined on input line 187.

[2]
Overfull \hbox (6.46706pt too wide) detected at line 205
[] [] \U/msb/m/n/10.95 P [] \OMS/cmsy/m/n/10.95 ^^U [] [] \OML/cmm/m/it/10.95 :

 []


LaTeX Warning: Reference `thm:completion' on page 3 undefined on input line 215
.


LaTeX Warning: Reference `thm:rate' on page 3 undefined on input line 219.


Overfull \hbox (15.24304pt too wide) detected at line 222
\OMS/cmsy/m/n/10.95 L[]\OT1/cmr/m/n/10.95 (^^B) = \OMS/cmsy/m/n/10.95 L[]\OT1/c
mr/m/n/10.95 (^^B[]) + \OMS/cmsy/m/n/10.95 h[]\OT1/cmr/m/n/10.95 (\OMS/cmsy/m/n
/10.95 r[]L[]\OT1/cmr/m/n/10.95 )\OML/cmm/m/it/10.95 ;  []\OT1/cmr/m/n/10.95 (^
^B \OMS/cmsy/m/n/10.95 ^^@ \OT1/cmr/m/n/10.95 ^^B[])\OMS/cmsy/m/n/10.95 i \OT1/
cmr/m/n/10.95 + [] [](^^B \OMS/cmsy/m/n/10.95 ^^@ \OT1/cmr/m/n/10.95 ^^B[])[]\O
MS/cmsy/m/n/10.95 r[]L[]\OT1/cmr/m/n/10.95 ([]) [](^^B \OMS/cmsy/m/n/10.95 ^^@ 
\OT1/cmr/m/n/10.95 ^^B[])\OML/cmm/m/it/10.95 ;
 []

[3] [4]
Overfull \hbox (27.39241pt too wide) in paragraph at lines 302--303
[][]\OT1/cmr/bx/n/10.95 Definition 1 \OT1/cmr/m/n/10.95 (Atomic M-norm [[][]Gha
-der-marzy et al.[][], [][]2019[][]])\OT1/cmr/bx/n/10.95 . []\OT1/cmr/m/n/10.95
 De-fine $\OML/cmm/m/it/10.95 T[] \OT1/cmr/m/n/10.95 = \OMS/cmsy/m/n/10.95 fT 2
 f^^F\OT1/cmr/m/n/10.95 1\OMS/cmsy/m/n/10.95 g[] [] [] []\OT1/cmr/m/n/10.95 (\O
MS/cmsy/m/n/10.95 T\OT1/cmr/m/n/10.95 ) =
 []


Overfull \hbox (3.45584pt too wide) detected at line 323
\OMS/cmsy/m/n/10.95 k\OT1/cmr/m/n/10.95 ^^B\OMS/cmsy/m/n/10.95 k[] \OT1/cmr/m/n
/10.95 = [] [] \OML/cmm/m/it/10.95 ;
 []

[5] [6]

LaTeX Warning: Reference `eq:model' on page 7 undefined on input line 433.


LaTeX Warning: Reference `eq:model' on page 7 undefined on input line 442.

[7]

LaTeX Warning: Reference `thm:minimax' on page 8 undefined on input line 470.

[8]
Overfull \hbox (7.40112pt too wide) in paragraph at lines 510--511
[][]\OT1/cmr/bx/n/10.95 Lemma 11 \OT1/cmr/m/n/10.95 (The-o-rem 2.5 in [][]Tsy-b
akov[][] [[][]2009[][]])\OT1/cmr/bx/n/10.95 . []\OT1/cmr/m/it/10.95 As-sume tha
t a set $\OMS/cmsy/m/n/10.95 X$ \OT1/cmr/m/it/10.95 con-tains el-e-ment $\OT1/c
mr/m/n/10.95 ^^B[]\OML/cmm/m/it/10.95 ; \OT1/cmr/m/n/10.95 ^^B[]\OML/cmm/m/it/1
0.95 ; [] ; \OT1/cmr/m/n/10.95 ^^B[]$
 []

LaTeX Font Info:    Try loading font information for OMS+cmr on input line 512.

(/usr/local/texlive/2016/texmf-dist/tex/latex/base/omscmr.fd
File: omscmr.fd 2014/09/29 v2.5h Standard LaTeX font definitions
)
LaTeX Font Info:    Font shape `OMS/cmr/m/it' in size <10.95> not available
(Font)              Font shape `OMS/cmsy/m/n' tried instead on input line 512.


LaTeX Warning: Reference `thm:rate' on page 9 undefined on input line 538.

[9]
Overfull \hbox (5.14359pt too wide) detected at line 549
\OMS/cmsy/m/n/10.95 P \OT1/cmr/m/n/10.95 = \OMS/cmsy/m/n/10.95 f\OT1/cmr/m/n/10
.95 ^^B \OMS/cmsy/m/n/10.95 2 \U/msb/m/n/10.95 R[] [] [] []\OT1/cmr/m/n/10.95 (
\OMS/cmsy/m/n/10.95 P\OT1/cmr/m/n/10.95 ) \OMS/cmsy/m/n/10.95 ^^T \OML/cmm/b/it
/10.95 r\OML/cmm/m/it/10.95 ;  \OMS/cmsy/m/n/10.95 k\OT1/cmr/m/n/10.95 ^^B\OMS/
cmsy/m/n/10.95 k[] ^^T \OML/cmm/m/it/10.95 \OMS/cmsy/m/n/10.95 g\OML/cmm/m/it/
10.95 ;  \OMS/cmsy/m/n/10.95 B \OT1/cmr/m/n/10.95 = \OMS/cmsy/m/n/10.95 f\OML/c
mm/b/it/10.95 b \OMS/cmsy/m/n/10.95 2 \U/msb/m/n/10.95 R[] [] [] \OMS/cmsy/m/n/
10.95 k\OML/cmm/b/it/10.95 b\OMS/cmsy/m/n/10.95 k[] ^^T \OML/cmm/m/it/10.95 ^^L
;  []\OT1/cmr/m/n/10.95 (\OML/cmm/m/it/10.95 b[] \OMS/cmsy/m/n/10.95 ^^@ \OML/c
mm/m/it/10.95 b[]\OT1/cmr/m/n/10.95 ) \OMS/cmsy/m/n/10.95 ^^U \OT1/cmr/m/n/10.9
5 ^^A\OMS/cmsy/m/n/10.95 g\OML/cmm/m/it/10.95 :
 []

[10]

LaTeX Warning: Reference `eq:model' on page 11 undefined on input line 606.


Overfull \hbox (6.39906pt too wide) in paragraph at lines 606--607
[][]\OT1/cmr/bx/n/10.95 Theorem 2.1 \OT1/cmr/m/n/10.95 (Sta-tis-ti-cal con-ver-
gence with un-known $\OML/cmm/b/it/10.95 b$\OT1/cmr/m/n/10.95 )\OT1/cmr/bx/n/10
.95 . []\OT1/cmr/m/it/10.95 Con-sider an or-di-nal ten-sor $\OMS/cmsy/m/n/10.95
 Y 2 \OT1/cmr/m/n/10.95 [\OML/cmm/m/it/10.95 L\OT1/cmr/m/n/10.95 ][]$
 []


LaTeX Warning: Reference `thm:rate' on page 11 undefined on input line 626.


LaTeX Warning: Reference `thm:rate' on page 11 undefined on input line 632.


Overfull \hbox (23.19672pt too wide) in paragraph at lines 646--646
[] 
 []

[11]
Overfull \hbox (2.2701pt too wide) detected at line 660
\OT1/cmr/m/n/10.95 (\OML/cmm/b/it/10.95 b[] \OMS/cmsy/m/n/10.95 ^^@ []\OT1/cmr/
m/n/10.95 )[]\OMS/cmsy/m/n/10.95 r[]L[]\OT1/cmr/m/n/10.95 (\OML/cmm/b/it/10.95 
b[]\OT1/cmr/m/n/10.95 ) \OMS/cmsy/m/n/10.95 ^^T k\OML/cmm/b/it/10.95 b[] \OMS/c
msy/m/n/10.95 ^^@ []k[]kr[]L[]\OT1/cmr/m/n/10.95 (\OML/cmm/b/it/10.95 b[]\OT1/c
mr/m/n/10.95 )\OMS/cmsy/m/n/10.95 k[] ^^T k\OML/cmm/b/it/10.95 b[] \OMS/cmsy/m/
n/10.95 ^^@ []k[][]\OML/cmm/m/it/10.95 C[] []\OT1/cmr/m/n/10.95 (\OML/cmm/m/it/
10.95 n[] \OT1/cmr/m/n/10.95 + \OML/cmm/m/it/10.95 n[]\OT1/cmr/m/n/10.95 )\OML/
cmm/m/it/10.95 ;
 []

[12]

LaTeX Warning: Reference `eq:latent' on page 13 undefined on input line 701.


LaTeX Warning: Reference `ass:link' on page 13 undefined on input line 701.

./ordinalT_supp_v3.tex:703: Undefined control sequence.
l.703 \Fixme
            {miaoyan}{Please add a few sentence to describe Figure S}
? 

LaTeX Warning: File `panel3.pdf' not found on input line 706.


./ordinalT_supp_v3.tex:706: Package pdftex.def Error: File `panel3.pdf' not fou
nd.

See the pdftex.def package documentation for explanation.
Type  H <return>  for immediate help.
 ...                                              
                                                  
l.706 ...raphics[width=0.48\textwidth]{panel3.pdf}
                                                  
? 
[13] [14pdfTeX warning (ext4): destination with the same identifier (name{figur
e.1}) has been already used, duplicate ignored

\AtBegShi@Output ...ipout \box \AtBeginShipoutBox 
                                                  \fi \fi 
l.730 \subsection
                 {Clustering results on HCP}]
<elbowmethod.png, id=290, 526.96875pt x 463.7325pt>
File: elbowmethod.png Graphic file (type png)
 <use elbowmethod.png>
Package pdftex.def Info: elbowmethod.png used on input line 736.
(pdftex.def)             Requested size: 225.4804pt x 198.42459pt.

Overfull \hbox (27.49748pt too wide) in paragraph at lines 751--761
 [] 
 []

[15pdfTeX warning (ext4): destination with the same identifier (name{figure.2})
 has been already used, duplicate ignored

\AtBegShi@Output ...ipout \box \AtBeginShipoutBox 
                                                  \fi \fi 
l.763 
       <./elbowmethod.png>] <brain1.jpg, id=307, 2007.5pt x 1505.625pt>
File: brain1.jpg Graphic file (type jpg)

<use brain1.jpg>
Package pdftex.def Info: brain1.jpg used on input line 766.
(pdftex.def)             Requested size: 211.38832pt x 158.52031pt.
 <brain2.jpg, id=308, 2007.5pt x 1505.625pt>
File: brain2.jpg Graphic file (type jpg)
 <use brain2.jpg>
Package pdftex.def Info: brain2.jpg used on input line 767.
(pdftex.def)             Requested size: 211.38832pt x 158.52031pt.

<brain3.jpg, id=309, 2007.5pt x 1505.625pt>
File: brain3.jpg Graphic file (type jpg)
 <use brain3.jpg>
Package pdftex.def Info: brain3.jpg used on input line 768.
(pdftex.def)             Requested size: 211.38832pt x 158.52031pt.

<brain4.jpg, id=310, 2007.5pt x 1505.625pt>
File: brain4.jpg Graphic file (type jpg)
 <use brain4.jpg>
Package pdftex.def Info: brain4.jpg used on input line 769.
(pdftex.def)             Requested size: 211.38832pt x 158.52031pt.

(./ordinalT_supp_v3.bbl [16pdfTeX warning (ext4): destination with the same ide
ntifier (name{table.1}) has been already used, duplicate ignored

\AtBegShi@Output ...ipout \box \AtBeginShipoutBox 
                                                  \fi \fi 
l.14 
     pdfTeX warning (ext4): destination with the same identifier (name{figure.3
}) has been already used, duplicate ignored

\AtBegShi@Output ...ipout \box \AtBeginShipoutBox 
                                                  \fi \fi 
l.14 
      <./brain1.jpg> <./brain2.jpg> <./brain3.jpg> <./brain4.jpg>])
Package atveryend Info: Empty hook `BeforeClearDocument' on input line 777.
 [17]
Package atveryend Info: Empty hook `AfterLastShipout' on input line 777.

(./ordinalT_supp_v3.aux)
Package atveryend Info: Executing hook `AtVeryEndDocument' on input line 777.
Package atveryend Info: Executing hook `AtEndAfterFileList' on input line 777.
Package rerunfilecheck Info: File `ordinalT_supp_v3.out' has not changed.
(rerunfilecheck)             Checksum: 8F4DF23A3A4D6EE6425DC501B8F72512;755.


LaTeX Warning: There were undefined references.


LaTeX Warning: There were multiply-defined labels.

Package atveryend Info: Empty hook `AtVeryVeryEnd' on input line 777.
 ) 
Here is how much of TeX's memory you used:
 9156 strings out of 493014
 129631 string characters out of 6133351
 248287 words of memory out of 5000000
 12397 multiletter control sequences out of 15000+600000
 19311 words of font info for 75 fonts, out of 8000000 for 9000
 1141 hyphenation exceptions out of 8191
 40i,20n,32p,1320b,433s stack positions out of 5000i,500n,10000p,200000b,80000s
</usr/local/texlive/2016/texmf-dist/fonts/type1/public/amsfonts/cm/cmbx10.pfb
></usr/local/texlive/2016/texmf-dist/fonts/type1/public/amsfonts/cm/cmbx12.pfb>
</usr/local/texlive/2016/texmf-dist/fonts/type1/public/amsfonts/cm/cmbx8.pfb></
usr/local/texlive/2016/texmf-dist/fonts/type1/public/amsfonts/cm/cmcsc10.pfb></
usr/local/texlive/2016/texmf-dist/fonts/type1/public/amsfonts/cm/cmex10.pfb></u
sr/local/texlive/2016/texmf-dist/fonts/type1/public/amsfonts/cmextra/cmex8.pfb>
</usr/local/texlive/2016/texmf-dist/fonts/type1/public/amsfonts/cm/cmmi10.pfb><
/usr/local/texlive/2016/texmf-dist/fonts/type1/public/amsfonts/cm/cmmi6.pfb></u
sr/local/texlive/2016/texmf-dist/fonts/type1/public/amsfonts/cm/cmmi8.pfb></usr
/local/texlive/2016/texmf-dist/fonts/type1/public/amsfonts/cm/cmmib10.pfb></usr
/local/texlive/2016/texmf-dist/fonts/type1/public/amsfonts/cmextra/cmmib8.pfb><
/usr/local/texlive/2016/texmf-dist/fonts/type1/public/amsfonts/cm/cmr10.pfb></u
sr/local/texlive/2016/texmf-dist/fonts/type1/public/amsfonts/cm/cmr6.pfb></usr/
local/texlive/2016/texmf-dist/fonts/type1/public/amsfonts/cm/cmr8.pfb></usr/loc
al/texlive/2016/texmf-dist/fonts/type1/public/amsfonts/cm/cmsy10.pfb></usr/loca
l/texlive/2016/texmf-dist/fonts/type1/public/amsfonts/cm/cmsy6.pfb></usr/local/
texlive/2016/texmf-dist/fonts/type1/public/amsfonts/cm/cmsy8.pfb></usr/local/te
xlive/2016/texmf-dist/fonts/type1/public/amsfonts/cm/cmti10.pfb></usr/local/tex
live/2016/texmf-dist/fonts/type1/public/amsfonts/cm/cmti7.pfb></usr/local/texli
ve/2016/texmf-dist/fonts/type1/public/amsfonts/cm/cmti8.pfb></usr/local/texlive
/2016/texmf-dist/fonts/type1/public/amsfonts/cm/cmtt10.pfb></usr/local/texlive/
2016/texmf-dist/fonts/type1/public/doublestroke/dsrom10.pfb></usr/local/texlive
/2016/texmf-dist/fonts/type1/public/amsfonts/symbols/msbm10.pfb></usr/local/tex
live/2016/texmf-dist/fonts/type1/public/stmaryrd/stmary10.pfb>
Output written on ordinalT_supp_v3.pdf (17 pages, 1033331 bytes).
PDF statistics:
 424 PDF objects out of 1000 (max. 8388607)
 371 compressed objects within 4 object streams
 110 named destinations out of 1000 (max. 500000)
 106 words of extra memory for PDF output out of 10000 (max. 10000000)

